<?xml version="1.0" encoding="UTF-8"?>
<coverage generated="1627813794954" clover="3.2.0">
  <project timestamp="1627813794954" name="All files">
    <metrics statements="301" coveredstatements="301" conditionals="218" coveredconditionals="213" methods="86" coveredmethods="86" elements="605" coveredelements="600" complexity="0" loc="301" ncloc="301" packages="1" files="6" classes="6"/>
    <file name="addDate.js" path="C:\Users\think pad\Desktop\VSCode - Workspace\FTS_Training\js\addDate.js">
      <metrics statements="14" coveredstatements="14" conditionals="18" coveredconditionals="18" methods="2" coveredmethods="2"/>
      <line num="2" count="8" type="stmt"/>
      <line num="3" count="8" type="cond" truecount="2" falsecount="0"/>
      <line num="6" count="25" type="cond" truecount="2" falsecount="0"/>
      <line num="7" count="24" type="cond" truecount="2" falsecount="0"/>
      <line num="8" count="17" type="cond" truecount="4" falsecount="0"/>
      <line num="9" count="15" type="cond" truecount="2" falsecount="0"/>
      <line num="10" count="8" type="cond" truecount="2" falsecount="0"/>
      <line num="11" count="6" type="stmt"/>
      <line num="12" count="6" type="stmt"/>
      <line num="13" count="6" type="stmt"/>
      <line num="14" count="6" type="cond" truecount="2" falsecount="0"/>
      <line num="15" count="6" type="cond" truecount="2" falsecount="0"/>
      <line num="16" count="6" type="stmt"/>
      <line num="18" count="1" type="stmt"/>
    </file>
    <file name="arrayUtils.js" path="C:\Users\think pad\Desktop\VSCode - Workspace\FTS_Training\js\arrayUtils.js">
      <metrics statements="91" coveredstatements="91" conditionals="60" coveredconditionals="60" methods="14" coveredmethods="14"/>
      <line num="2" count="20" type="cond" truecount="2" falsecount="0"/>
      <line num="3" count="14" type="cond" truecount="2" falsecount="0"/>
      <line num="4" count="6" type="stmt"/>
      <line num="5" count="8" type="stmt"/>
      <line num="6" count="8" type="stmt"/>
      <line num="7" count="8" type="stmt"/>
      <line num="8" count="24" type="stmt"/>
      <line num="9" count="24" type="stmt"/>
      <line num="10" count="24" type="stmt"/>
      <line num="12" count="8" type="stmt"/>
      <line num="16" count="19" type="cond" truecount="2" falsecount="0"/>
      <line num="17" count="13" type="cond" truecount="2" falsecount="0"/>
      <line num="18" count="6" type="stmt"/>
      <line num="19" count="7" type="stmt"/>
      <line num="20" count="7" type="stmt"/>
      <line num="21" count="7" type="stmt"/>
      <line num="22" count="33" type="stmt"/>
      <line num="23" count="33" type="cond" truecount="2" falsecount="0"/>
      <line num="25" count="7" type="stmt"/>
      <line num="29" count="20" type="cond" truecount="2" falsecount="0"/>
      <line num="30" count="14" type="cond" truecount="2" falsecount="0"/>
      <line num="31" count="6" type="stmt"/>
      <line num="32" count="8" type="stmt"/>
      <line num="33" count="19" type="stmt"/>
      <line num="34" count="19" type="cond" truecount="2" falsecount="0"/>
      <line num="36" count="3" type="stmt"/>
      <line num="40" count="20" type="cond" truecount="2" falsecount="0"/>
      <line num="41" count="14" type="cond" truecount="2" falsecount="0"/>
      <line num="42" count="6" type="stmt"/>
      <line num="43" count="8" type="stmt"/>
      <line num="44" count="24" type="stmt"/>
      <line num="45" count="24" type="cond" truecount="2" falsecount="0"/>
      <line num="47" count="5" type="stmt"/>
      <line num="51" count="20" type="cond" truecount="2" falsecount="0"/>
      <line num="52" count="14" type="cond" truecount="2" falsecount="0"/>
      <line num="53" count="6" type="stmt"/>
      <line num="54" count="8" type="stmt"/>
      <line num="55" count="24" type="stmt"/>
      <line num="56" count="24" type="cond" truecount="2" falsecount="0"/>
      <line num="58" count="3" type="stmt"/>
      <line num="62" count="20" type="cond" truecount="2" falsecount="0"/>
      <line num="63" count="14" type="cond" truecount="2" falsecount="0"/>
      <line num="64" count="6" type="stmt"/>
      <line num="65" count="8" type="stmt"/>
      <line num="66" count="24" type="stmt"/>
      <line num="67" count="24" type="cond" truecount="2" falsecount="0"/>
      <line num="69" count="2" type="stmt"/>
      <line num="73" count="12" type="cond" truecount="2" falsecount="0"/>
      <line num="74" count="6" type="stmt"/>
      <line num="75" count="6" type="stmt"/>
      <line num="76" count="11" type="stmt"/>
      <line num="78" count="6" type="stmt"/>
      <line num="82" count="9" type="cond" truecount="2" falsecount="0"/>
      <line num="83" count="3" type="stmt"/>
      <line num="84" count="16" type="stmt"/>
      <line num="85" count="3" type="stmt"/>
      <line num="89" count="9" type="cond" truecount="2" falsecount="0"/>
      <line num="90" count="3" type="stmt"/>
      <line num="91" count="3" type="stmt"/>
      <line num="95" count="11" type="cond" truecount="2" falsecount="0"/>
      <line num="96" count="5" type="stmt"/>
      <line num="97" count="5" type="stmt"/>
      <line num="98" count="27" type="stmt"/>
      <line num="99" count="27" type="cond" truecount="2" falsecount="0"/>
      <line num="101" count="5" type="stmt"/>
      <line num="105" count="12" type="cond" truecount="2" falsecount="0"/>
      <line num="106" count="6" type="stmt"/>
      <line num="107" count="6" type="cond" truecount="2" falsecount="0"/>
      <line num="108" count="5" type="stmt"/>
      <line num="110" count="24" type="cond" truecount="2" falsecount="0"/>
      <line num="111" count="24" type="cond" truecount="2" falsecount="0"/>
      <line num="113" count="3" type="stmt"/>
      <line num="115" count="6" type="stmt"/>
      <line num="119" count="13" type="cond" truecount="2" falsecount="0"/>
      <line num="120" count="7" type="cond" truecount="2" falsecount="0"/>
      <line num="122" count="3" type="stmt"/>
      <line num="123" count="24" type="cond" truecount="2" falsecount="0"/>
      <line num="124" count="12" type="stmt"/>
      <line num="125" count="12" type="stmt"/>
      <line num="127" count="3" type="stmt"/>
      <line num="128" count="18" type="cond" truecount="2" falsecount="0"/>
      <line num="129" count="9" type="stmt"/>
      <line num="132" count="3" type="stmt"/>
      <line num="133" count="3" type="stmt"/>
      <line num="134" count="3" type="stmt"/>
      <line num="135" count="3" type="stmt"/>
      <line num="136" count="12" type="stmt"/>
      <line num="137" count="12" type="stmt"/>
      <line num="139" count="9" type="stmt"/>
      <line num="140" count="3" type="stmt"/>
      <line num="143" count="12" type="stmt"/>
    </file>
    <file name="format.js" path="C:\Users\think pad\Desktop\VSCode - Workspace\FTS_Training\js\format.js">
      <metrics statements="40" coveredstatements="40" conditionals="8" coveredconditionals="7" methods="23" coveredmethods="23"/>
      <line num="3" count="10" type="stmt"/>
      <line num="4" count="10" type="stmt"/>
      <line num="20" count="11" type="cond" truecount="2" falsecount="0"/>
      <line num="23" count="3" type="stmt"/>
      <line num="26" count="2" type="stmt"/>
      <line num="29" count="4" type="stmt"/>
      <line num="32" count="2" type="stmt"/>
      <line num="35" count="2" type="stmt"/>
      <line num="38" count="4" type="stmt"/>
      <line num="41" count="5" type="stmt"/>
      <line num="44" count="3" type="stmt"/>
      <line num="47" count="7" type="stmt"/>
      <line num="50" count="2" type="stmt"/>
      <line num="53" count="3" type="stmt"/>
      <line num="56" count="2" type="stmt"/>
      <line num="59" count="5" type="stmt"/>
      <line num="62" count="2" type="stmt"/>
      <line num="63" count="2" type="stmt"/>
      <line num="66" count="1" type="stmt"/>
      <line num="69" count="1" type="stmt"/>
      <line num="72" count="1" type="stmt"/>
      <line num="75" count="4" type="stmt"/>
      <line num="76" count="4" type="cond" truecount="1" falsecount="1"/>
      <line num="81" count="10" type="stmt"/>
      <line num="82" count="14" type="stmt"/>
      <line num="88" count="24" type="cond" truecount="2" falsecount="0"/>
      <line num="89" count="17" type="cond" truecount="2" falsecount="0"/>
      <line num="90" count="10" type="stmt"/>
      <line num="91" count="10" type="stmt"/>
      <line num="92" count="10" type="stmt"/>
      <line num="93" count="10" type="stmt"/>
      <line num="94" count="10" type="stmt"/>
      <line num="95" count="10" type="stmt"/>
      <line num="96" count="26" type="stmt"/>
      <line num="97" count="26" type="stmt"/>
      <line num="99" count="7" type="stmt"/>
      <line num="100" count="7" type="stmt"/>
      <line num="101" count="7" type="stmt"/>
      <line num="102" count="7" type="stmt"/>
      <line num="105" count="1" type="stmt"/>
    </file>
    <file name="fromFormat.js" path="C:\Users\think pad\Desktop\VSCode - Workspace\FTS_Training\js\fromFormat.js">
      <metrics statements="85" coveredstatements="85" conditionals="66" coveredconditionals="62" methods="31" coveredmethods="31"/>
      <line num="3" count="32" type="stmt"/>
      <line num="4" count="32" type="stmt"/>
      <line num="20" count="16" type="stmt"/>
      <line num="23" count="120" type="cond" truecount="2" falsecount="0"/>
      <line num="26" count="12" type="stmt"/>
      <line num="27" count="12" type="stmt"/>
      <line num="30" count="8" type="stmt"/>
      <line num="31" count="8" type="cond" truecount="2" falsecount="0"/>
      <line num="32" count="8" type="stmt"/>
      <line num="35" count="6" type="stmt"/>
      <line num="36" count="6" type="cond" truecount="4" falsecount="0"/>
      <line num="37" count="5" type="stmt"/>
      <line num="40" count="4" type="stmt"/>
      <line num="41" count="4" type="stmt"/>
      <line num="42" count="4" type="cond" truecount="1" falsecount="1"/>
      <line num="43" count="4" type="stmt"/>
      <line num="46" count="37" type="stmt"/>
      <line num="47" count="4" type="cond" truecount="1" falsecount="1"/>
      <line num="48" count="4" type="stmt"/>
      <line num="51" count="28" type="stmt"/>
      <line num="52" count="4" type="cond" truecount="2" falsecount="0"/>
      <line num="53" count="3" type="stmt"/>
      <line num="56" count="16" type="stmt"/>
      <line num="57" count="16" type="cond" truecount="4" falsecount="0"/>
      <line num="58" count="15" type="stmt"/>
      <line num="61" count="16" type="stmt"/>
      <line num="62" count="15" type="stmt"/>
      <line num="63" count="15" type="cond" truecount="2" falsecount="0"/>
      <line num="64" count="14" type="stmt"/>
      <line num="67" count="12" type="stmt"/>
      <line num="68" count="12" type="cond" truecount="4" falsecount="0"/>
      <line num="69" count="11" type="stmt"/>
      <line num="72" count="12" type="stmt"/>
      <line num="73" count="12" type="stmt"/>
      <line num="74" count="12" type="cond" truecount="2" falsecount="0"/>
      <line num="75" count="11" type="stmt"/>
      <line num="78" count="9" type="stmt"/>
      <line num="79" count="9" type="cond" truecount="4" falsecount="0"/>
      <line num="80" count="8" type="stmt"/>
      <line num="83" count="9" type="stmt"/>
      <line num="84" count="9" type="stmt"/>
      <line num="85" count="9" type="cond" truecount="1" falsecount="1"/>
      <line num="86" count="9" type="stmt"/>
      <line num="89" count="8" type="stmt"/>
      <line num="90" count="8" type="cond" truecount="4" falsecount="0"/>
      <line num="91" count="7" type="stmt"/>
      <line num="94" count="8" type="stmt"/>
      <line num="95" count="8" type="stmt"/>
      <line num="96" count="8" type="cond" truecount="1" falsecount="1"/>
      <line num="97" count="8" type="stmt"/>
      <line num="100" count="4" type="stmt"/>
      <line num="101" count="4" type="stmt"/>
      <line num="102" count="4" type="cond" truecount="2" falsecount="0"/>
      <line num="103" count="4" type="stmt"/>
      <line num="106" count="2" type="cond" truecount="4" falsecount="0"/>
      <line num="107" count="1" type="stmt"/>
      <line num="110" count="2" type="cond" truecount="4" falsecount="0"/>
      <line num="111" count="1" type="stmt"/>
      <line num="114" count="2" type="cond" truecount="4" falsecount="0"/>
      <line num="115" count="1" type="stmt"/>
      <line num="118" count="2" type="cond" truecount="4" falsecount="0"/>
      <line num="119" count="1" type="stmt"/>
      <line num="123" count="22" type="stmt"/>
      <line num="124" count="44" type="stmt"/>
      <line num="129" count="22" type="stmt"/>
      <line num="133" count="32" type="stmt"/>
      <line num="134" count="58" type="stmt"/>
      <line num="135" count="32" type="cond" truecount="2" falsecount="0"/>
      <line num="139" count="25" type="stmt"/>
      <line num="140" count="25" type="stmt"/>
      <line num="141" count="25" type="stmt"/>
      <line num="142" count="25" type="cond" truecount="2" falsecount="0"/>
      <line num="143" count="23" type="stmt"/>
      <line num="144" count="75" type="cond" truecount="2" falsecount="0"/>
      <line num="145" count="22" type="stmt"/>
      <line num="149" count="32" type="stmt"/>
      <line num="150" count="32" type="cond" truecount="2" falsecount="0"/>
      <line num="151" count="25" type="cond" truecount="2" falsecount="0"/>
      <line num="152" count="3" type="stmt"/>
      <line num="153" count="22" type="stmt"/>
      <line num="154" count="22" type="stmt"/>
      <line num="155" count="22" type="stmt"/>
      <line num="156" count="82" type="stmt"/>
      <line num="158" count="9" type="stmt"/>
      <line num="161" count="1" type="stmt"/>
    </file>
    <file name="objectUtils.js" path="C:\Users\think pad\Desktop\VSCode - Workspace\FTS_Training\js\objectUtils.js">
      <metrics statements="43" coveredstatements="43" conditionals="42" coveredconditionals="42" methods="7" coveredmethods="7"/>
      <line num="2" count="10" type="cond" truecount="4" falsecount="0"/>
      <line num="3" count="3" type="stmt"/>
      <line num="4" count="7" type="stmt"/>
      <line num="5" count="14" type="stmt"/>
      <line num="6" count="7" type="stmt"/>
      <line num="10" count="10" type="cond" truecount="4" falsecount="0"/>
      <line num="11" count="3" type="stmt"/>
      <line num="12" count="7" type="stmt"/>
      <line num="13" count="14" type="stmt"/>
      <line num="14" count="7" type="stmt"/>
      <line num="18" count="10" type="cond" truecount="4" falsecount="0"/>
      <line num="19" count="3" type="stmt"/>
      <line num="20" count="7" type="stmt"/>
      <line num="21" count="14" type="stmt"/>
      <line num="22" count="7" type="stmt"/>
      <line num="26" count="13" type="cond" truecount="4" falsecount="0"/>
      <line num="27" count="9" type="stmt"/>
      <line num="28" count="9" type="cond" truecount="2" falsecount="0"/>
      <line num="30" count="4" type="stmt"/>
      <line num="31" count="4" type="stmt"/>
      <line num="32" count="15" type="cond" truecount="2" falsecount="0"/>
      <line num="34" count="9" type="stmt"/>
      <line num="38" count="13" type="cond" truecount="4" falsecount="0"/>
      <line num="39" count="10" type="cond" truecount="2" falsecount="0"/>
      <line num="40" count="9" type="stmt"/>
      <line num="41" count="9" type="cond" truecount="2" falsecount="0"/>
      <line num="42" count="5" type="stmt"/>
      <line num="43" count="5" type="cond" truecount="2" falsecount="0"/>
      <line num="46" count="4" type="stmt"/>
      <line num="47" count="4" type="stmt"/>
      <line num="48" count="15" type="cond" truecount="2" falsecount="0"/>
      <line num="50" count="9" type="stmt"/>
      <line num="54" count="21" type="cond" truecount="2" falsecount="0"/>
      <line num="55" count="19" type="stmt"/>
      <line num="56" count="19" type="cond" truecount="2" falsecount="0"/>
      <line num="57" count="13" type="stmt"/>
      <line num="58" count="13" type="cond" truecount="2" falsecount="0"/>
      <line num="59" count="7" type="stmt"/>
      <line num="63" count="16" type="cond" truecount="2" falsecount="0"/>
      <line num="64" count="14" type="stmt"/>
      <line num="65" count="14" type="stmt"/>
      <line num="66" count="14" type="cond" truecount="2" falsecount="0"/>
      <line num="69" count="6" type="stmt"/>
    </file>
    <file name="stringUtils.js" path="C:\Users\think pad\Desktop\VSCode - Workspace\FTS_Training\js\stringUtils.js">
      <metrics statements="28" coveredstatements="28" conditionals="24" coveredconditionals="24" methods="9" coveredmethods="9"/>
      <line num="2" count="16" type="cond" truecount="2" falsecount="0"/>
      <line num="3" count="15" type="cond" truecount="2" falsecount="0"/>
      <line num="4" count="7" type="stmt"/>
      <line num="5" count="7" type="stmt"/>
      <line num="6" count="7" type="stmt"/>
      <line num="7" count="40" type="cond" truecount="2" falsecount="0"/>
      <line num="11" count="7" type="stmt"/>
      <line num="15" count="16" type="cond" truecount="2" falsecount="0"/>
      <line num="16" count="15" type="cond" truecount="2" falsecount="0"/>
      <line num="17" count="7" type="stmt"/>
      <line num="18" count="7" type="stmt"/>
      <line num="19" count="7" type="stmt"/>
      <line num="20" count="40" type="cond" truecount="2" falsecount="0"/>
      <line num="21" count="9" type="stmt"/>
      <line num="22" count="31" type="stmt"/>
      <line num="24" count="7" type="stmt"/>
      <line num="28" count="17" type="cond" truecount="2" falsecount="0"/>
      <line num="29" count="16" type="cond" truecount="2" falsecount="0"/>
      <line num="30" count="8" type="stmt"/>
      <line num="31" count="8" type="stmt"/>
      <line num="36" count="13" type="cond" truecount="2" falsecount="0"/>
      <line num="38" count="8" type="cond" truecount="2" falsecount="0"/>
      <line num="42" count="16" type="cond" truecount="2" falsecount="0"/>
      <line num="43" count="15" type="cond" truecount="2" falsecount="0"/>
      <line num="44" count="7" type="stmt"/>
      <line num="46" count="4" type="stmt"/>
      <line num="52" count="7" type="stmt"/>
      <line num="55" count="4" type="stmt"/>
    </file>
  </project>
</coverage>
