{"C:\\Users\\think pad\\Desktop\\VSCode - Workspace\\FTS_Training\\js\\addDate.js": {"path":"C:\\Users\\think pad\\Desktop\\VSCode - Workspace\\FTS_Training\\js\\addDate.js","statementMap":{"0":{"start":{"line":2,"column":16},"end":{"line":2,"column":44}},"1":{"start":{"line":3,"column":2},"end":{"line":3,"column":56}},"2":{"start":{"line":6,"column":2},"end":{"line":6,"column":49}},"3":{"start":{"line":6,"column":30},"end":{"line":6,"column":49}},"4":{"start":{"line":7,"column":2},"end":{"line":7,"column":74}},"5":{"start":{"line":7,"column":31},"end":{"line":7,"column":74}},"6":{"start":{"line":8,"column":2},"end":{"line":8,"column":75}},"7":{"start":{"line":8,"column":53},"end":{"line":8,"column":75}},"8":{"start":{"line":9,"column":2},"end":{"line":9,"column":77}},"9":{"start":{"line":9,"column":34},"end":{"line":9,"column":77}},"10":{"start":{"line":10,"column":2},"end":{"line":10,"column":79}},"11":{"start":{"line":10,"column":30},"end":{"line":10,"column":79}},"12":{"start":{"line":11,"column":16},"end":{"line":11,"column":32}},"13":{"start":{"line":12,"column":15},"end":{"line":12,"column":47}},"14":{"start":{"line":13,"column":21},"end":{"line":13,"column":35}},"15":{"start":{"line":14,"column":2},"end":{"line":14,"column":79}},"16":{"start":{"line":14,"column":34},"end":{"line":14,"column":79}},"17":{"start":{"line":15,"column":2},"end":{"line":15,"column":77}},"18":{"start":{"line":15,"column":34},"end":{"line":15,"column":77}},"19":{"start":{"line":16,"column":2},"end":{"line":16,"column":20}},"20":{"start":{"line":18,"column":0},"end":{"line":18,"column":25}}},"fnMap":{"0":{"name":"isValidAmount","decl":{"start":{"line":1,"column":9},"end":{"line":1,"column":22}},"loc":{"start":{"line":1,"column":31},"end":{"line":4,"column":1}},"line":1},"1":{"name":"add","decl":{"start":{"line":5,"column":9},"end":{"line":5,"column":12}},"loc":{"start":{"line":5,"column":27},"end":{"line":17,"column":1}},"line":5}},"branchMap":{"0":{"loc":{"start":{"line":3,"column":9},"end":{"line":3,"column":55}},"type":"binary-expr","locations":[{"start":{"line":3,"column":9},"end":{"line":3,"column":27}},{"start":{"line":3,"column":31},"end":{"line":3,"column":55}}],"line":3},"1":{"loc":{"start":{"line":6,"column":2},"end":{"line":6,"column":49}},"type":"if","locations":[{"start":{"line":6,"column":2},"end":{"line":6,"column":49}},{"start":{"line":6,"column":2},"end":{"line":6,"column":49}}],"line":6},"2":{"loc":{"start":{"line":7,"column":2},"end":{"line":7,"column":74}},"type":"if","locations":[{"start":{"line":7,"column":2},"end":{"line":7,"column":74}},{"start":{"line":7,"column":2},"end":{"line":7,"column":74}}],"line":7},"3":{"loc":{"start":{"line":8,"column":2},"end":{"line":8,"column":75}},"type":"if","locations":[{"start":{"line":8,"column":2},"end":{"line":8,"column":75}},{"start":{"line":8,"column":2},"end":{"line":8,"column":75}}],"line":8},"4":{"loc":{"start":{"line":8,"column":6},"end":{"line":8,"column":51}},"type":"binary-expr","locations":[{"start":{"line":8,"column":6},"end":{"line":8,"column":26}},{"start":{"line":8,"column":30},"end":{"line":8,"column":51}}],"line":8},"5":{"loc":{"start":{"line":9,"column":2},"end":{"line":9,"column":77}},"type":"if","locations":[{"start":{"line":9,"column":2},"end":{"line":9,"column":77}},{"start":{"line":9,"column":2},"end":{"line":9,"column":77}}],"line":9},"6":{"loc":{"start":{"line":10,"column":2},"end":{"line":10,"column":79}},"type":"if","locations":[{"start":{"line":10,"column":2},"end":{"line":10,"column":79}},{"start":{"line":10,"column":2},"end":{"line":10,"column":79}}],"line":10},"7":{"loc":{"start":{"line":14,"column":2},"end":{"line":14,"column":79}},"type":"if","locations":[{"start":{"line":14,"column":2},"end":{"line":14,"column":79}},{"start":{"line":14,"column":2},"end":{"line":14,"column":79}}],"line":14},"8":{"loc":{"start":{"line":15,"column":2},"end":{"line":15,"column":77}},"type":"if","locations":[{"start":{"line":15,"column":2},"end":{"line":15,"column":77}},{"start":{"line":15,"column":2},"end":{"line":15,"column":77}}],"line":15}},"s":{"0":8,"1":8,"2":25,"3":1,"4":24,"5":7,"6":17,"7":2,"8":15,"9":7,"10":8,"11":2,"12":6,"13":6,"14":6,"15":6,"16":3,"17":6,"18":3,"19":6,"20":1},"f":{"0":8,"1":25},"b":{"0":[8,6],"1":[1,24],"2":[7,17],"3":[2,15],"4":[17,3],"5":[7,8],"6":[2,6],"7":[3,3],"8":[3,3]},"_coverageSchema":"1a1c01bbd47fc00a2c39e90264f33305004495a9","hash":"f53ec8559e9f015cd2e3e314e9089173c5c7b80c"}
,"C:\\Users\\think pad\\Desktop\\VSCode - Workspace\\FTS_Training\\js\\arrayUtils.js": {"path":"C:\\Users\\think pad\\Desktop\\VSCode - Workspace\\FTS_Training\\js\\arrayUtils.js","statementMap":{"0":{"start":{"line":2,"column":2},"end":{"line":2,"column":77}},"1":{"start":{"line":2,"column":29},"end":{"line":2,"column":77}},"2":{"start":{"line":3,"column":2},"end":{"line":4,"column":57}},"3":{"start":{"line":4,"column":4},"end":{"line":4,"column":57}},"4":{"start":{"line":5,"column":22},"end":{"line":5,"column":24}},"5":{"start":{"line":6,"column":24},"end":{"line":6,"column":46}},"6":{"start":{"line":7,"column":2},"end":{"line":11,"column":3}},"7":{"start":{"line":7,"column":19},"end":{"line":7,"column":20}},"8":{"start":{"line":8,"column":24},"end":{"line":8,"column":36}},"9":{"start":{"line":9,"column":26},"end":{"line":9,"column":66}},"10":{"start":{"line":10,"column":4},"end":{"line":10,"column":36}},"11":{"start":{"line":12,"column":2},"end":{"line":12,"column":21}},"12":{"start":{"line":16,"column":2},"end":{"line":16,"column":77}},"13":{"start":{"line":16,"column":29},"end":{"line":16,"column":77}},"14":{"start":{"line":17,"column":2},"end":{"line":18,"column":57}},"15":{"start":{"line":18,"column":4},"end":{"line":18,"column":57}},"16":{"start":{"line":19,"column":22},"end":{"line":19,"column":24}},"17":{"start":{"line":20,"column":24},"end":{"line":20,"column":46}},"18":{"start":{"line":21,"column":2},"end":{"line":24,"column":3}},"19":{"start":{"line":21,"column":19},"end":{"line":21,"column":20}},"20":{"start":{"line":22,"column":17},"end":{"line":22,"column":29}},"21":{"start":{"line":23,"column":4},"end":{"line":23,"column":66}},"22":{"start":{"line":23,"column":43},"end":{"line":23,"column":66}},"23":{"start":{"line":25,"column":2},"end":{"line":25,"column":21}},"24":{"start":{"line":29,"column":2},"end":{"line":29,"column":77}},"25":{"start":{"line":29,"column":29},"end":{"line":29,"column":77}},"26":{"start":{"line":30,"column":2},"end":{"line":31,"column":57}},"27":{"start":{"line":31,"column":4},"end":{"line":31,"column":57}},"28":{"start":{"line":32,"column":2},"end":{"line":35,"column":3}},"29":{"start":{"line":32,"column":19},"end":{"line":32,"column":20}},"30":{"start":{"line":33,"column":17},"end":{"line":33,"column":29}},"31":{"start":{"line":34,"column":4},"end":{"line":34,"column":64}},"32":{"start":{"line":34,"column":52},"end":{"line":34,"column":64}},"33":{"start":{"line":36,"column":2},"end":{"line":36,"column":15}},"34":{"start":{"line":40,"column":2},"end":{"line":40,"column":77}},"35":{"start":{"line":40,"column":29},"end":{"line":40,"column":77}},"36":{"start":{"line":41,"column":2},"end":{"line":42,"column":57}},"37":{"start":{"line":42,"column":4},"end":{"line":42,"column":57}},"38":{"start":{"line":43,"column":2},"end":{"line":46,"column":3}},"39":{"start":{"line":43,"column":19},"end":{"line":43,"column":20}},"40":{"start":{"line":44,"column":17},"end":{"line":44,"column":29}},"41":{"start":{"line":45,"column":4},"end":{"line":45,"column":66}},"42":{"start":{"line":45,"column":53},"end":{"line":45,"column":66}},"43":{"start":{"line":47,"column":2},"end":{"line":47,"column":14}},"44":{"start":{"line":51,"column":2},"end":{"line":51,"column":77}},"45":{"start":{"line":51,"column":29},"end":{"line":51,"column":77}},"46":{"start":{"line":52,"column":2},"end":{"line":53,"column":57}},"47":{"start":{"line":53,"column":4},"end":{"line":53,"column":57}},"48":{"start":{"line":54,"column":2},"end":{"line":57,"column":3}},"49":{"start":{"line":54,"column":19},"end":{"line":54,"column":20}},"50":{"start":{"line":55,"column":17},"end":{"line":55,"column":29}},"51":{"start":{"line":56,"column":4},"end":{"line":56,"column":64}},"52":{"start":{"line":56,"column":52},"end":{"line":56,"column":64}},"53":{"start":{"line":58,"column":2},"end":{"line":58,"column":9}},"54":{"start":{"line":62,"column":2},"end":{"line":62,"column":77}},"55":{"start":{"line":62,"column":29},"end":{"line":62,"column":77}},"56":{"start":{"line":63,"column":2},"end":{"line":64,"column":57}},"57":{"start":{"line":64,"column":4},"end":{"line":64,"column":57}},"58":{"start":{"line":65,"column":2},"end":{"line":68,"column":3}},"59":{"start":{"line":65,"column":19},"end":{"line":65,"column":20}},"60":{"start":{"line":66,"column":17},"end":{"line":66,"column":29}},"61":{"start":{"line":67,"column":4},"end":{"line":67,"column":65}},"62":{"start":{"line":67,"column":52},"end":{"line":67,"column":65}},"63":{"start":{"line":69,"column":2},"end":{"line":69,"column":9}},"64":{"start":{"line":73,"column":2},"end":{"line":73,"column":77}},"65":{"start":{"line":73,"column":29},"end":{"line":73,"column":77}},"66":{"start":{"line":74,"column":22},"end":{"line":74,"column":32}},"67":{"start":{"line":75,"column":2},"end":{"line":77,"column":3}},"68":{"start":{"line":75,"column":15},"end":{"line":75,"column":16}},"69":{"start":{"line":76,"column":4},"end":{"line":76,"column":38}},"70":{"start":{"line":78,"column":2},"end":{"line":78,"column":21}},"71":{"start":{"line":82,"column":2},"end":{"line":82,"column":77}},"72":{"start":{"line":82,"column":29},"end":{"line":82,"column":77}},"73":{"start":{"line":83,"column":22},"end":{"line":83,"column":24}},"74":{"start":{"line":84,"column":2},"end":{"line":84,"column":73}},"75":{"start":{"line":84,"column":15},"end":{"line":84,"column":31}},"76":{"start":{"line":84,"column":46},"end":{"line":84,"column":73}},"77":{"start":{"line":85,"column":2},"end":{"line":85,"column":21}},"78":{"start":{"line":89,"column":2},"end":{"line":89,"column":77}},"79":{"start":{"line":89,"column":29},"end":{"line":89,"column":77}},"80":{"start":{"line":90,"column":16},"end":{"line":90,"column":32}},"81":{"start":{"line":91,"column":2},"end":{"line":91,"column":22}},"82":{"start":{"line":95,"column":2},"end":{"line":95,"column":77}},"83":{"start":{"line":95,"column":29},"end":{"line":95,"column":77}},"84":{"start":{"line":96,"column":22},"end":{"line":96,"column":32}},"85":{"start":{"line":97,"column":2},"end":{"line":100,"column":3}},"86":{"start":{"line":97,"column":15},"end":{"line":97,"column":16}},"87":{"start":{"line":98,"column":20},"end":{"line":98,"column":34}},"88":{"start":{"line":99,"column":4},"end":{"line":99,"column":69}},"89":{"start":{"line":99,"column":32},"end":{"line":99,"column":69}},"90":{"start":{"line":101,"column":2},"end":{"line":101,"column":21}},"91":{"start":{"line":105,"column":2},"end":{"line":105,"column":77}},"92":{"start":{"line":105,"column":29},"end":{"line":105,"column":77}},"93":{"start":{"line":106,"column":12},"end":{"line":106,"column":14}},"94":{"start":{"line":107,"column":2},"end":{"line":113,"column":46}},"95":{"start":{"line":108,"column":4},"end":{"line":112,"column":5}},"96":{"start":{"line":110,"column":8},"end":{"line":110,"column":70}},"97":{"start":{"line":111,"column":6},"end":{"line":111,"column":75}},"98":{"start":{"line":113,"column":9},"end":{"line":113,"column":46}},"99":{"start":{"line":113,"column":29},"end":{"line":113,"column":46}},"100":{"start":{"line":115,"column":2},"end":{"line":115,"column":13}},"101":{"start":{"line":119,"column":2},"end":{"line":119,"column":77}},"102":{"start":{"line":119,"column":29},"end":{"line":119,"column":77}},"103":{"start":{"line":120,"column":2},"end":{"line":120,"column":52}},"104":{"start":{"line":120,"column":25},"end":{"line":120,"column":52}},"105":{"start":{"line":122,"column":27},"end":{"line":126,"column":3}},"106":{"start":{"line":123,"column":4},"end":{"line":123,"column":48}},"107":{"start":{"line":123,"column":27},"end":{"line":123,"column":48}},"108":{"start":{"line":124,"column":4},"end":{"line":124,"column":27}},"109":{"start":{"line":125,"column":4},"end":{"line":125,"column":51}},"110":{"start":{"line":127,"column":26},"end":{"line":130,"column":3}},"111":{"start":{"line":128,"column":4},"end":{"line":128,"column":54}},"112":{"start":{"line":128,"column":27},"end":{"line":128,"column":54}},"113":{"start":{"line":129,"column":4},"end":{"line":129,"column":63}},"114":{"start":{"line":132,"column":14},"end":{"line":132,"column":23}},"115":{"start":{"line":133,"column":14},"end":{"line":133,"column":16}},"116":{"start":{"line":134,"column":15},"end":{"line":134,"column":29}},"117":{"start":{"line":135,"column":2},"end":{"line":138,"column":3}},"118":{"start":{"line":136,"column":26},"end":{"line":136,"column":54}},"119":{"start":{"line":137,"column":4},"end":{"line":137,"column":30}},"120":{"start":{"line":139,"column":2},"end":{"line":139,"column":77}},"121":{"start":{"line":139,"column":35},"end":{"line":139,"column":77}},"122":{"start":{"line":140,"column":2},"end":{"line":140,"column":13}},"123":{"start":{"line":143,"column":0},"end":{"line":156,"column":2}}},"fnMap":{"0":{"name":"map","decl":{"start":{"line":1,"column":9},"end":{"line":1,"column":12}},"loc":{"start":{"line":1,"column":39},"end":{"line":13,"column":1}},"line":1},"1":{"name":"filter","decl":{"start":{"line":15,"column":9},"end":{"line":15,"column":15}},"loc":{"start":{"line":15,"column":42},"end":{"line":26,"column":1}},"line":15},"2":{"name":"some","decl":{"start":{"line":28,"column":9},"end":{"line":28,"column":13}},"loc":{"start":{"line":28,"column":40},"end":{"line":37,"column":1}},"line":28},"3":{"name":"every","decl":{"start":{"line":39,"column":9},"end":{"line":39,"column":14}},"loc":{"start":{"line":39,"column":41},"end":{"line":48,"column":1}},"line":39},"4":{"name":"find","decl":{"start":{"line":50,"column":9},"end":{"line":50,"column":13}},"loc":{"start":{"line":50,"column":40},"end":{"line":59,"column":1}},"line":50},"5":{"name":"findIndex","decl":{"start":{"line":61,"column":9},"end":{"line":61,"column":18}},"loc":{"start":{"line":61,"column":45},"end":{"line":70,"column":1}},"line":61},"6":{"name":"joinToArray","decl":{"start":{"line":72,"column":9},"end":{"line":72,"column":20}},"loc":{"start":{"line":72,"column":35},"end":{"line":79,"column":1}},"line":72},"7":{"name":"reverse","decl":{"start":{"line":81,"column":9},"end":{"line":81,"column":16}},"loc":{"start":{"line":81,"column":24},"end":{"line":86,"column":1}},"line":81},"8":{"name":"last","decl":{"start":{"line":88,"column":9},"end":{"line":88,"column":13}},"loc":{"start":{"line":88,"column":21},"end":{"line":92,"column":1}},"line":88},"9":{"name":"flatten","decl":{"start":{"line":94,"column":9},"end":{"line":94,"column":16}},"loc":{"start":{"line":94,"column":24},"end":{"line":102,"column":1}},"line":94},"10":{"name":"groupBy","decl":{"start":{"line":104,"column":9},"end":{"line":104,"column":16}},"loc":{"start":{"line":104,"column":34},"end":{"line":116,"column":1}},"line":104},"11":{"name":"removeDuplicates","decl":{"start":{"line":118,"column":9},"end":{"line":118,"column":25}},"loc":{"start":{"line":118,"column":38},"end":{"line":141,"column":1}},"line":118},"12":{"name":"(anonymous_12)","decl":{"start":{"line":122,"column":27},"end":{"line":122,"column":28}},"loc":{"start":{"line":122,"column":49},"end":{"line":126,"column":3}},"line":122},"13":{"name":"(anonymous_13)","decl":{"start":{"line":127,"column":26},"end":{"line":127,"column":27}},"loc":{"start":{"line":127,"column":48},"end":{"line":130,"column":3}},"line":127}},"branchMap":{"0":{"loc":{"start":{"line":2,"column":2},"end":{"line":2,"column":77}},"type":"if","locations":[{"start":{"line":2,"column":2},"end":{"line":2,"column":77}},{"start":{"line":2,"column":2},"end":{"line":2,"column":77}}],"line":2},"1":{"loc":{"start":{"line":3,"column":2},"end":{"line":4,"column":57}},"type":"if","locations":[{"start":{"line":3,"column":2},"end":{"line":4,"column":57}},{"start":{"line":3,"column":2},"end":{"line":4,"column":57}}],"line":3},"2":{"loc":{"start":{"line":16,"column":2},"end":{"line":16,"column":77}},"type":"if","locations":[{"start":{"line":16,"column":2},"end":{"line":16,"column":77}},{"start":{"line":16,"column":2},"end":{"line":16,"column":77}}],"line":16},"3":{"loc":{"start":{"line":17,"column":2},"end":{"line":18,"column":57}},"type":"if","locations":[{"start":{"line":17,"column":2},"end":{"line":18,"column":57}},{"start":{"line":17,"column":2},"end":{"line":18,"column":57}}],"line":17},"4":{"loc":{"start":{"line":23,"column":4},"end":{"line":23,"column":66}},"type":"if","locations":[{"start":{"line":23,"column":4},"end":{"line":23,"column":66}},{"start":{"line":23,"column":4},"end":{"line":23,"column":66}}],"line":23},"5":{"loc":{"start":{"line":29,"column":2},"end":{"line":29,"column":77}},"type":"if","locations":[{"start":{"line":29,"column":2},"end":{"line":29,"column":77}},{"start":{"line":29,"column":2},"end":{"line":29,"column":77}}],"line":29},"6":{"loc":{"start":{"line":30,"column":2},"end":{"line":31,"column":57}},"type":"if","locations":[{"start":{"line":30,"column":2},"end":{"line":31,"column":57}},{"start":{"line":30,"column":2},"end":{"line":31,"column":57}}],"line":30},"7":{"loc":{"start":{"line":34,"column":4},"end":{"line":34,"column":64}},"type":"if","locations":[{"start":{"line":34,"column":4},"end":{"line":34,"column":64}},{"start":{"line":34,"column":4},"end":{"line":34,"column":64}}],"line":34},"8":{"loc":{"start":{"line":40,"column":2},"end":{"line":40,"column":77}},"type":"if","locations":[{"start":{"line":40,"column":2},"end":{"line":40,"column":77}},{"start":{"line":40,"column":2},"end":{"line":40,"column":77}}],"line":40},"9":{"loc":{"start":{"line":41,"column":2},"end":{"line":42,"column":57}},"type":"if","locations":[{"start":{"line":41,"column":2},"end":{"line":42,"column":57}},{"start":{"line":41,"column":2},"end":{"line":42,"column":57}}],"line":41},"10":{"loc":{"start":{"line":45,"column":4},"end":{"line":45,"column":66}},"type":"if","locations":[{"start":{"line":45,"column":4},"end":{"line":45,"column":66}},{"start":{"line":45,"column":4},"end":{"line":45,"column":66}}],"line":45},"11":{"loc":{"start":{"line":51,"column":2},"end":{"line":51,"column":77}},"type":"if","locations":[{"start":{"line":51,"column":2},"end":{"line":51,"column":77}},{"start":{"line":51,"column":2},"end":{"line":51,"column":77}}],"line":51},"12":{"loc":{"start":{"line":52,"column":2},"end":{"line":53,"column":57}},"type":"if","locations":[{"start":{"line":52,"column":2},"end":{"line":53,"column":57}},{"start":{"line":52,"column":2},"end":{"line":53,"column":57}}],"line":52},"13":{"loc":{"start":{"line":56,"column":4},"end":{"line":56,"column":64}},"type":"if","locations":[{"start":{"line":56,"column":4},"end":{"line":56,"column":64}},{"start":{"line":56,"column":4},"end":{"line":56,"column":64}}],"line":56},"14":{"loc":{"start":{"line":62,"column":2},"end":{"line":62,"column":77}},"type":"if","locations":[{"start":{"line":62,"column":2},"end":{"line":62,"column":77}},{"start":{"line":62,"column":2},"end":{"line":62,"column":77}}],"line":62},"15":{"loc":{"start":{"line":63,"column":2},"end":{"line":64,"column":57}},"type":"if","locations":[{"start":{"line":63,"column":2},"end":{"line":64,"column":57}},{"start":{"line":63,"column":2},"end":{"line":64,"column":57}}],"line":63},"16":{"loc":{"start":{"line":67,"column":4},"end":{"line":67,"column":65}},"type":"if","locations":[{"start":{"line":67,"column":4},"end":{"line":67,"column":65}},{"start":{"line":67,"column":4},"end":{"line":67,"column":65}}],"line":67},"17":{"loc":{"start":{"line":73,"column":2},"end":{"line":73,"column":77}},"type":"if","locations":[{"start":{"line":73,"column":2},"end":{"line":73,"column":77}},{"start":{"line":73,"column":2},"end":{"line":73,"column":77}}],"line":73},"18":{"loc":{"start":{"line":82,"column":2},"end":{"line":82,"column":77}},"type":"if","locations":[{"start":{"line":82,"column":2},"end":{"line":82,"column":77}},{"start":{"line":82,"column":2},"end":{"line":82,"column":77}}],"line":82},"19":{"loc":{"start":{"line":89,"column":2},"end":{"line":89,"column":77}},"type":"if","locations":[{"start":{"line":89,"column":2},"end":{"line":89,"column":77}},{"start":{"line":89,"column":2},"end":{"line":89,"column":77}}],"line":89},"20":{"loc":{"start":{"line":95,"column":2},"end":{"line":95,"column":77}},"type":"if","locations":[{"start":{"line":95,"column":2},"end":{"line":95,"column":77}},{"start":{"line":95,"column":2},"end":{"line":95,"column":77}}],"line":95},"21":{"loc":{"start":{"line":99,"column":4},"end":{"line":99,"column":69}},"type":"if","locations":[{"start":{"line":99,"column":4},"end":{"line":99,"column":69}},{"start":{"line":99,"column":4},"end":{"line":99,"column":69}}],"line":99},"22":{"loc":{"start":{"line":105,"column":2},"end":{"line":105,"column":77}},"type":"if","locations":[{"start":{"line":105,"column":2},"end":{"line":105,"column":77}},{"start":{"line":105,"column":2},"end":{"line":105,"column":77}}],"line":105},"23":{"loc":{"start":{"line":107,"column":2},"end":{"line":113,"column":46}},"type":"if","locations":[{"start":{"line":107,"column":2},"end":{"line":113,"column":46}},{"start":{"line":107,"column":2},"end":{"line":113,"column":46}}],"line":107},"24":{"loc":{"start":{"line":110,"column":8},"end":{"line":110,"column":70}},"type":"cond-expr","locations":[{"start":{"line":110,"column":39},"end":{"line":110,"column":53}},{"start":{"line":110,"column":56},"end":{"line":110,"column":70}}],"line":110},"25":{"loc":{"start":{"line":111,"column":23},"end":{"line":111,"column":74}},"type":"cond-expr","locations":[{"start":{"line":111,"column":40},"end":{"line":111,"column":65}},{"start":{"line":111,"column":68},"end":{"line":111,"column":74}}],"line":111},"26":{"loc":{"start":{"line":119,"column":2},"end":{"line":119,"column":77}},"type":"if","locations":[{"start":{"line":119,"column":2},"end":{"line":119,"column":77}},{"start":{"line":119,"column":2},"end":{"line":119,"column":77}}],"line":119},"27":{"loc":{"start":{"line":120,"column":2},"end":{"line":120,"column":52}},"type":"if","locations":[{"start":{"line":120,"column":2},"end":{"line":120,"column":52}},{"start":{"line":120,"column":2},"end":{"line":120,"column":52}}],"line":120},"28":{"loc":{"start":{"line":123,"column":4},"end":{"line":123,"column":48}},"type":"if","locations":[{"start":{"line":123,"column":4},"end":{"line":123,"column":48}},{"start":{"line":123,"column":4},"end":{"line":123,"column":48}}],"line":123},"29":{"loc":{"start":{"line":128,"column":4},"end":{"line":128,"column":54}},"type":"if","locations":[{"start":{"line":128,"column":4},"end":{"line":128,"column":54}},{"start":{"line":128,"column":4},"end":{"line":128,"column":54}}],"line":128}},"s":{"0":20,"1":6,"2":14,"3":6,"4":8,"5":8,"6":8,"7":8,"8":24,"9":24,"10":24,"11":8,"12":19,"13":6,"14":13,"15":6,"16":7,"17":7,"18":7,"19":7,"20":33,"21":33,"22":17,"23":7,"24":20,"25":6,"26":14,"27":6,"28":8,"29":8,"30":19,"31":19,"32":5,"33":3,"34":20,"35":6,"36":14,"37":6,"38":8,"39":8,"40":24,"41":24,"42":3,"43":5,"44":20,"45":6,"46":14,"47":6,"48":8,"49":8,"50":24,"51":24,"52":5,"53":3,"54":20,"55":6,"56":14,"57":6,"58":8,"59":8,"60":24,"61":24,"62":6,"63":2,"64":12,"65":6,"66":6,"67":6,"68":6,"69":11,"70":6,"71":9,"72":6,"73":3,"74":3,"75":3,"76":16,"77":3,"78":9,"79":6,"80":3,"81":3,"82":11,"83":6,"84":5,"85":5,"86":5,"87":27,"88":27,"89":12,"90":5,"91":12,"92":6,"93":6,"94":6,"95":5,"96":24,"97":24,"98":1,"99":3,"100":6,"101":13,"102":6,"103":7,"104":4,"105":3,"106":24,"107":12,"108":12,"109":12,"110":3,"111":18,"112":9,"113":9,"114":3,"115":3,"116":3,"117":3,"118":12,"119":12,"120":3,"121":9,"122":3,"123":12},"f":{"0":20,"1":19,"2":20,"3":20,"4":20,"5":20,"6":12,"7":9,"8":9,"9":11,"10":12,"11":13,"12":24,"13":18},"b":{"0":[6,14],"1":[6,8],"2":[6,13],"3":[6,7],"4":[17,16],"5":[6,14],"6":[6,8],"7":[5,14],"8":[6,14],"9":[6,8],"10":[3,21],"11":[6,14],"12":[6,8],"13":[5,19],"14":[6,14],"15":[6,8],"16":[6,18],"17":[6,6],"18":[6,3],"19":[6,3],"20":[6,5],"21":[12,15],"22":[6,6],"23":[5,1],"24":[15,9],"25":[12,12],"26":[6,7],"27":[4,3],"28":[12,12],"29":[9,9]},"_coverageSchema":"1a1c01bbd47fc00a2c39e90264f33305004495a9","hash":"183f19072574b0c25dc0e99b74f44ed2da99dd87"}
,"C:\\Users\\think pad\\Desktop\\VSCode - Workspace\\FTS_Training\\js\\format.js": {"path":"C:\\Users\\think pad\\Desktop\\VSCode - Workspace\\FTS_Training\\js\\format.js","statementMap":{"0":{"start":{"line":3,"column":4},"end":{"line":3,"column":21}},"1":{"start":{"line":4,"column":4},"end":{"line":17,"column":6}},"2":{"start":{"line":20,"column":4},"end":{"line":20,"column":45}},"3":{"start":{"line":23,"column":4},"end":{"line":23,"column":49}},"4":{"start":{"line":26,"column":4},"end":{"line":26,"column":60}},"5":{"start":{"line":29,"column":4},"end":{"line":29,"column":47}},"6":{"start":{"line":32,"column":4},"end":{"line":32,"column":35}},"7":{"start":{"line":35,"column":4},"end":{"line":35,"column":39}},"8":{"start":{"line":38,"column":4},"end":{"line":38,"column":48}},"9":{"start":{"line":41,"column":4},"end":{"line":41,"column":34}},"10":{"start":{"line":44,"column":4},"end":{"line":44,"column":35}},"11":{"start":{"line":47,"column":4},"end":{"line":47,"column":35}},"12":{"start":{"line":50,"column":4},"end":{"line":50,"column":35}},"13":{"start":{"line":53,"column":4},"end":{"line":53,"column":37}},"14":{"start":{"line":56,"column":4},"end":{"line":56,"column":35}},"15":{"start":{"line":59,"column":4},"end":{"line":59,"column":37}},"16":{"start":{"line":62,"column":20},"end":{"line":62,"column":28}},"17":{"start":{"line":63,"column":4},"end":{"line":63,"column":35}},"18":{"start":{"line":66,"column":4},"end":{"line":66,"column":45}},"19":{"start":{"line":69,"column":4},"end":{"line":69,"column":31}},"20":{"start":{"line":72,"column":4},"end":{"line":72,"column":35}},"21":{"start":{"line":75,"column":18},"end":{"line":75,"column":26}},"22":{"start":{"line":76,"column":4},"end":{"line":76,"column":36}},"23":{"start":{"line":81,"column":2},"end":{"line":84,"column":16}},"24":{"start":{"line":82,"column":35},"end":{"line":82,"column":54}},"25":{"start":{"line":88,"column":2},"end":{"line":88,"column":63}},"26":{"start":{"line":88,"column":31},"end":{"line":88,"column":63}},"27":{"start":{"line":89,"column":2},"end":{"line":89,"column":79}},"28":{"start":{"line":89,"column":40},"end":{"line":89,"column":79}},"29":{"start":{"line":90,"column":17},"end":{"line":90,"column":45}},"30":{"start":{"line":91,"column":17},"end":{"line":91,"column":53}},"31":{"start":{"line":92,"column":18},"end":{"line":92,"column":44}},"32":{"start":{"line":93,"column":17},"end":{"line":93,"column":33}},"33":{"start":{"line":94,"column":21},"end":{"line":94,"column":23}},"34":{"start":{"line":95,"column":2},"end":{"line":98,"column":3}},"35":{"start":{"line":95,"column":15},"end":{"line":95,"column":16}},"36":{"start":{"line":96,"column":24},"end":{"line":96,"column":41}},"37":{"start":{"line":97,"column":4},"end":{"line":97,"column":58}},"38":{"start":{"line":99,"column":20},"end":{"line":99,"column":45}},"39":{"start":{"line":100,"column":22},"end":{"line":100,"column":39}},"40":{"start":{"line":101,"column":2},"end":{"line":101,"column":43}},"41":{"start":{"line":102,"column":2},"end":{"line":102,"column":22}},"42":{"start":{"line":105,"column":0},"end":{"line":105,"column":31}}},"fnMap":{"0":{"name":"(anonymous_0)","decl":{"start":{"line":2,"column":2},"end":{"line":2,"column":3}},"loc":{"start":{"line":2,"column":20},"end":{"line":18,"column":3}},"line":2},"1":{"name":"(anonymous_1)","decl":{"start":{"line":19,"column":2},"end":{"line":19,"column":3}},"loc":{"start":{"line":19,"column":18},"end":{"line":21,"column":3}},"line":19},"2":{"name":"(anonymous_2)","decl":{"start":{"line":22,"column":2},"end":{"line":22,"column":3}},"loc":{"start":{"line":22,"column":6},"end":{"line":24,"column":3}},"line":22},"3":{"name":"(anonymous_3)","decl":{"start":{"line":25,"column":2},"end":{"line":25,"column":3}},"loc":{"start":{"line":25,"column":7},"end":{"line":27,"column":3}},"line":25},"4":{"name":"(anonymous_4)","decl":{"start":{"line":28,"column":2},"end":{"line":28,"column":3}},"loc":{"start":{"line":28,"column":6},"end":{"line":30,"column":3}},"line":28},"5":{"name":"(anonymous_5)","decl":{"start":{"line":31,"column":2},"end":{"line":31,"column":3}},"loc":{"start":{"line":31,"column":7},"end":{"line":33,"column":3}},"line":31},"6":{"name":"(anonymous_6)","decl":{"start":{"line":34,"column":2},"end":{"line":34,"column":3}},"loc":{"start":{"line":34,"column":8},"end":{"line":36,"column":3}},"line":34},"7":{"name":"(anonymous_7)","decl":{"start":{"line":37,"column":2},"end":{"line":37,"column":3}},"loc":{"start":{"line":37,"column":9},"end":{"line":39,"column":3}},"line":37},"8":{"name":"(anonymous_8)","decl":{"start":{"line":40,"column":2},"end":{"line":40,"column":3}},"loc":{"start":{"line":40,"column":6},"end":{"line":42,"column":3}},"line":40},"9":{"name":"(anonymous_9)","decl":{"start":{"line":43,"column":2},"end":{"line":43,"column":3}},"loc":{"start":{"line":43,"column":7},"end":{"line":45,"column":3}},"line":43},"10":{"name":"(anonymous_10)","decl":{"start":{"line":46,"column":2},"end":{"line":46,"column":3}},"loc":{"start":{"line":46,"column":6},"end":{"line":48,"column":3}},"line":46},"11":{"name":"(anonymous_11)","decl":{"start":{"line":49,"column":2},"end":{"line":49,"column":3}},"loc":{"start":{"line":49,"column":7},"end":{"line":51,"column":3}},"line":49},"12":{"name":"(anonymous_12)","decl":{"start":{"line":52,"column":2},"end":{"line":52,"column":3}},"loc":{"start":{"line":52,"column":6},"end":{"line":54,"column":3}},"line":52},"13":{"name":"(anonymous_13)","decl":{"start":{"line":55,"column":2},"end":{"line":55,"column":3}},"loc":{"start":{"line":55,"column":7},"end":{"line":57,"column":3}},"line":55},"14":{"name":"(anonymous_14)","decl":{"start":{"line":58,"column":2},"end":{"line":58,"column":3}},"loc":{"start":{"line":58,"column":6},"end":{"line":60,"column":3}},"line":58},"15":{"name":"(anonymous_15)","decl":{"start":{"line":61,"column":2},"end":{"line":61,"column":3}},"loc":{"start":{"line":61,"column":7},"end":{"line":64,"column":3}},"line":61},"16":{"name":"(anonymous_16)","decl":{"start":{"line":65,"column":2},"end":{"line":65,"column":3}},"loc":{"start":{"line":65,"column":6},"end":{"line":67,"column":3}},"line":65},"17":{"name":"(anonymous_17)","decl":{"start":{"line":68,"column":2},"end":{"line":68,"column":3}},"loc":{"start":{"line":68,"column":6},"end":{"line":70,"column":3}},"line":68},"18":{"name":"(anonymous_18)","decl":{"start":{"line":71,"column":2},"end":{"line":71,"column":3}},"loc":{"start":{"line":71,"column":7},"end":{"line":73,"column":3}},"line":71},"19":{"name":"(anonymous_19)","decl":{"start":{"line":74,"column":2},"end":{"line":74,"column":3}},"loc":{"start":{"line":74,"column":7},"end":{"line":77,"column":3}},"line":74},"20":{"name":"tokenizeFormat","decl":{"start":{"line":80,"column":9},"end":{"line":80,"column":23}},"loc":{"start":{"line":80,"column":55},"end":{"line":85,"column":1}},"line":80},"21":{"name":"(anonymous_21)","decl":{"start":{"line":82,"column":24},"end":{"line":82,"column":25}},"loc":{"start":{"line":82,"column":35},"end":{"line":82,"column":54}},"line":82},"22":{"name":"format","decl":{"start":{"line":87,"column":9},"end":{"line":87,"column":15}},"loc":{"start":{"line":87,"column":36},"end":{"line":103,"column":1}},"line":87}},"branchMap":{"0":{"loc":{"start":{"line":20,"column":14},"end":{"line":20,"column":34}},"type":"cond-expr","locations":[{"start":{"line":20,"column":26},"end":{"line":20,"column":28}},{"start":{"line":20,"column":31},"end":{"line":20,"column":34}}],"line":20},"1":{"loc":{"start":{"line":76,"column":11},"end":{"line":76,"column":35}},"type":"cond-expr","locations":[{"start":{"line":76,"column":24},"end":{"line":76,"column":28}},{"start":{"line":76,"column":31},"end":{"line":76,"column":35}}],"line":76},"2":{"loc":{"start":{"line":88,"column":2},"end":{"line":88,"column":63}},"type":"if","locations":[{"start":{"line":88,"column":2},"end":{"line":88,"column":63}},{"start":{"line":88,"column":2},"end":{"line":88,"column":63}}],"line":88},"3":{"loc":{"start":{"line":89,"column":2},"end":{"line":89,"column":79}},"type":"if","locations":[{"start":{"line":89,"column":2},"end":{"line":89,"column":79}},{"start":{"line":89,"column":2},"end":{"line":89,"column":79}}],"line":89}},"s":{"0":10,"1":10,"2":11,"3":3,"4":2,"5":4,"6":2,"7":2,"8":4,"9":5,"10":3,"11":7,"12":2,"13":3,"14":2,"15":5,"16":2,"17":2,"18":1,"19":1,"20":1,"21":4,"22":4,"23":10,"24":14,"25":24,"26":7,"27":17,"28":7,"29":10,"30":10,"31":10,"32":10,"33":10,"34":10,"35":10,"36":26,"37":26,"38":7,"39":7,"40":7,"41":7,"42":1},"f":{"0":10,"1":11,"2":3,"3":2,"4":4,"5":2,"6":2,"7":4,"8":5,"9":3,"10":7,"11":2,"12":3,"13":2,"14":5,"15":2,"16":1,"17":1,"18":1,"19":4,"20":10,"21":14,"22":24},"b":{"0":[8,3],"1":[4,0],"2":[7,17],"3":[7,10]},"_coverageSchema":"1a1c01bbd47fc00a2c39e90264f33305004495a9","hash":"a2a5c6b234524d91cc3e47452cbcb244feebbff4"}
,"C:\\Users\\think pad\\Desktop\\VSCode - Workspace\\FTS_Training\\js\\fromFormat.js": {"path":"C:\\Users\\think pad\\Desktop\\VSCode - Workspace\\FTS_Training\\js\\fromFormat.js","statementMap":{"0":{"start":{"line":3,"column":4},"end":{"line":3,"column":28}},"1":{"start":{"line":4,"column":4},"end":{"line":17,"column":6}},"2":{"start":{"line":20,"column":4},"end":{"line":20,"column":21}},"3":{"start":{"line":23,"column":4},"end":{"line":23,"column":53}},"4":{"start":{"line":23,"column":21},"end":{"line":23,"column":53}},"5":{"start":{"line":26,"column":4},"end":{"line":26,"column":28}},"6":{"start":{"line":27,"column":4},"end":{"line":27,"column":36}},"7":{"start":{"line":30,"column":4},"end":{"line":30,"column":28}},"8":{"start":{"line":31,"column":21},"end":{"line":31,"column":61}},"9":{"start":{"line":32,"column":4},"end":{"line":32,"column":31}},"10":{"start":{"line":35,"column":4},"end":{"line":35,"column":28}},"11":{"start":{"line":36,"column":4},"end":{"line":36,"column":65}},"12":{"start":{"line":36,"column":33},"end":{"line":36,"column":65}},"13":{"start":{"line":37,"column":4},"end":{"line":37,"column":37}},"14":{"start":{"line":40,"column":4},"end":{"line":40,"column":28}},"15":{"start":{"line":41,"column":15},"end":{"line":41,"column":34}},"16":{"start":{"line":42,"column":4},"end":{"line":43,"column":23}},"17":{"start":{"line":42,"column":25},"end":{"line":42,"column":57}},"18":{"start":{"line":43,"column":9},"end":{"line":43,"column":23}},"19":{"start":{"line":46,"column":23},"end":{"line":46,"column":72}},"20":{"start":{"line":46,"column":52},"end":{"line":46,"column":71}},"21":{"start":{"line":47,"column":4},"end":{"line":48,"column":43}},"22":{"start":{"line":47,"column":27},"end":{"line":47,"column":59}},"23":{"start":{"line":48,"column":9},"end":{"line":48,"column":43}},"24":{"start":{"line":51,"column":23},"end":{"line":51,"column":64}},"25":{"start":{"line":51,"column":52},"end":{"line":51,"column":63}},"26":{"start":{"line":52,"column":4},"end":{"line":53,"column":43}},"27":{"start":{"line":52,"column":27},"end":{"line":52,"column":59}},"28":{"start":{"line":53,"column":9},"end":{"line":53,"column":43}},"29":{"start":{"line":56,"column":4},"end":{"line":56,"column":28}},"30":{"start":{"line":57,"column":4},"end":{"line":57,"column":67}},"31":{"start":{"line":57,"column":35},"end":{"line":57,"column":67}},"32":{"start":{"line":58,"column":4},"end":{"line":58,"column":32}},"33":{"start":{"line":61,"column":4},"end":{"line":61,"column":28}},"34":{"start":{"line":62,"column":15},"end":{"line":62,"column":34}},"35":{"start":{"line":63,"column":4},"end":{"line":64,"column":23}},"36":{"start":{"line":63,"column":25},"end":{"line":63,"column":57}},"37":{"start":{"line":64,"column":9},"end":{"line":64,"column":23}},"38":{"start":{"line":67,"column":4},"end":{"line":67,"column":28}},"39":{"start":{"line":68,"column":4},"end":{"line":69,"column":38}},"40":{"start":{"line":68,"column":33},"end":{"line":68,"column":65}},"41":{"start":{"line":69,"column":9},"end":{"line":69,"column":38}},"42":{"start":{"line":72,"column":4},"end":{"line":72,"column":28}},"43":{"start":{"line":73,"column":15},"end":{"line":73,"column":34}},"44":{"start":{"line":74,"column":4},"end":{"line":75,"column":23}},"45":{"start":{"line":74,"column":25},"end":{"line":74,"column":57}},"46":{"start":{"line":75,"column":9},"end":{"line":75,"column":23}},"47":{"start":{"line":78,"column":4},"end":{"line":78,"column":28}},"48":{"start":{"line":79,"column":4},"end":{"line":80,"column":40}},"49":{"start":{"line":79,"column":33},"end":{"line":79,"column":65}},"50":{"start":{"line":80,"column":9},"end":{"line":80,"column":40}},"51":{"start":{"line":83,"column":4},"end":{"line":83,"column":28}},"52":{"start":{"line":84,"column":15},"end":{"line":84,"column":34}},"53":{"start":{"line":85,"column":4},"end":{"line":86,"column":23}},"54":{"start":{"line":85,"column":25},"end":{"line":85,"column":57}},"55":{"start":{"line":86,"column":9},"end":{"line":86,"column":23}},"56":{"start":{"line":89,"column":4},"end":{"line":89,"column":28}},"57":{"start":{"line":90,"column":4},"end":{"line":91,"column":40}},"58":{"start":{"line":90,"column":33},"end":{"line":90,"column":65}},"59":{"start":{"line":91,"column":9},"end":{"line":91,"column":40}},"60":{"start":{"line":94,"column":4},"end":{"line":94,"column":28}},"61":{"start":{"line":95,"column":15},"end":{"line":95,"column":34}},"62":{"start":{"line":96,"column":4},"end":{"line":97,"column":23}},"63":{"start":{"line":96,"column":25},"end":{"line":96,"column":57}},"64":{"start":{"line":97,"column":9},"end":{"line":97,"column":23}},"65":{"start":{"line":100,"column":18},"end":{"line":100,"column":38}},"66":{"start":{"line":101,"column":19},"end":{"line":101,"column":29}},"67":{"start":{"line":102,"column":4},"end":{"line":102,"column":57}},"68":{"start":{"line":102,"column":42},"end":{"line":102,"column":57}},"69":{"start":{"line":103,"column":4},"end":{"line":103,"column":33}},"70":{"start":{"line":106,"column":4},"end":{"line":107,"column":37}},"71":{"start":{"line":106,"column":36},"end":{"line":106,"column":51}},"72":{"start":{"line":107,"column":9},"end":{"line":107,"column":37}},"73":{"start":{"line":110,"column":4},"end":{"line":111,"column":37}},"74":{"start":{"line":110,"column":36},"end":{"line":110,"column":51}},"75":{"start":{"line":111,"column":9},"end":{"line":111,"column":37}},"76":{"start":{"line":114,"column":4},"end":{"line":115,"column":37}},"77":{"start":{"line":114,"column":38},"end":{"line":114,"column":53}},"78":{"start":{"line":115,"column":9},"end":{"line":115,"column":37}},"79":{"start":{"line":118,"column":4},"end":{"line":119,"column":37}},"80":{"start":{"line":118,"column":38},"end":{"line":118,"column":53}},"81":{"start":{"line":119,"column":9},"end":{"line":119,"column":37}},"82":{"start":{"line":123,"column":2},"end":{"line":126,"column":16}},"83":{"start":{"line":124,"column":35},"end":{"line":124,"column":54}},"84":{"start":{"line":129,"column":2},"end":{"line":129,"column":62}},"85":{"start":{"line":133,"column":22},"end":{"line":133,"column":44}},"86":{"start":{"line":134,"column":20},"end":{"line":134,"column":68}},"87":{"start":{"line":134,"column":50},"end":{"line":134,"column":67}},"88":{"start":{"line":135,"column":2},"end":{"line":135,"column":34}},"89":{"start":{"line":139,"column":17},"end":{"line":139,"column":45}},"90":{"start":{"line":140,"column":20},"end":{"line":140,"column":44}},"91":{"start":{"line":141,"column":22},"end":{"line":141,"column":48}},"92":{"start":{"line":142,"column":2},"end":{"line":142,"column":60}},"93":{"start":{"line":142,"column":47},"end":{"line":142,"column":60}},"94":{"start":{"line":143,"column":2},"end":{"line":144,"column":54}},"95":{"start":{"line":143,"column":15},"end":{"line":143,"column":16}},"96":{"start":{"line":144,"column":4},"end":{"line":144,"column":54}},"97":{"start":{"line":144,"column":41},"end":{"line":144,"column":54}},"98":{"start":{"line":145,"column":2},"end":{"line":145,"column":14}},"99":{"start":{"line":149,"column":17},"end":{"line":149,"column":29}},"100":{"start":{"line":150,"column":2},"end":{"line":150,"column":73}},"101":{"start":{"line":150,"column":49},"end":{"line":150,"column":73}},"102":{"start":{"line":151,"column":2},"end":{"line":152,"column":38}},"103":{"start":{"line":152,"column":4},"end":{"line":152,"column":38}},"104":{"start":{"line":153,"column":23},"end":{"line":153,"column":51}},"105":{"start":{"line":154,"column":23},"end":{"line":154,"column":49}},"106":{"start":{"line":155,"column":2},"end":{"line":157,"column":3}},"107":{"start":{"line":155,"column":15},"end":{"line":155,"column":16}},"108":{"start":{"line":156,"column":4},"end":{"line":156,"column":45}},"109":{"start":{"line":158,"column":2},"end":{"line":158,"column":26}},"110":{"start":{"line":161,"column":0},"end":{"line":161,"column":39}}},"fnMap":{"0":{"name":"(anonymous_0)","decl":{"start":{"line":2,"column":2},"end":{"line":2,"column":3}},"loc":{"start":{"line":2,"column":16},"end":{"line":18,"column":3}},"line":2},"1":{"name":"(anonymous_1)","decl":{"start":{"line":19,"column":2},"end":{"line":19,"column":3}},"loc":{"start":{"line":19,"column":12},"end":{"line":21,"column":3}},"line":19},"2":{"name":"(anonymous_2)","decl":{"start":{"line":22,"column":2},"end":{"line":22,"column":3}},"loc":{"start":{"line":22,"column":19},"end":{"line":24,"column":3}},"line":22},"3":{"name":"(anonymous_3)","decl":{"start":{"line":25,"column":2},"end":{"line":25,"column":3}},"loc":{"start":{"line":25,"column":11},"end":{"line":28,"column":3}},"line":25},"4":{"name":"(anonymous_4)","decl":{"start":{"line":29,"column":2},"end":{"line":29,"column":3}},"loc":{"start":{"line":29,"column":12},"end":{"line":33,"column":3}},"line":29},"5":{"name":"(anonymous_5)","decl":{"start":{"line":34,"column":2},"end":{"line":34,"column":3}},"loc":{"start":{"line":34,"column":11},"end":{"line":38,"column":3}},"line":34},"6":{"name":"(anonymous_6)","decl":{"start":{"line":39,"column":2},"end":{"line":39,"column":3}},"loc":{"start":{"line":39,"column":12},"end":{"line":44,"column":3}},"line":39},"7":{"name":"(anonymous_7)","decl":{"start":{"line":45,"column":2},"end":{"line":45,"column":3}},"loc":{"start":{"line":45,"column":13},"end":{"line":49,"column":3}},"line":45},"8":{"name":"(anonymous_8)","decl":{"start":{"line":46,"column":45},"end":{"line":46,"column":46}},"loc":{"start":{"line":46,"column":52},"end":{"line":46,"column":71}},"line":46},"9":{"name":"(anonymous_9)","decl":{"start":{"line":50,"column":2},"end":{"line":50,"column":3}},"loc":{"start":{"line":50,"column":14},"end":{"line":54,"column":3}},"line":50},"10":{"name":"(anonymous_10)","decl":{"start":{"line":51,"column":45},"end":{"line":51,"column":46}},"loc":{"start":{"line":51,"column":52},"end":{"line":51,"column":63}},"line":51},"11":{"name":"(anonymous_11)","decl":{"start":{"line":55,"column":2},"end":{"line":55,"column":3}},"loc":{"start":{"line":55,"column":11},"end":{"line":59,"column":3}},"line":55},"12":{"name":"(anonymous_12)","decl":{"start":{"line":60,"column":2},"end":{"line":60,"column":3}},"loc":{"start":{"line":60,"column":12},"end":{"line":65,"column":3}},"line":60},"13":{"name":"(anonymous_13)","decl":{"start":{"line":66,"column":2},"end":{"line":66,"column":3}},"loc":{"start":{"line":66,"column":11},"end":{"line":70,"column":3}},"line":66},"14":{"name":"(anonymous_14)","decl":{"start":{"line":71,"column":2},"end":{"line":71,"column":3}},"loc":{"start":{"line":71,"column":12},"end":{"line":76,"column":3}},"line":71},"15":{"name":"(anonymous_15)","decl":{"start":{"line":77,"column":2},"end":{"line":77,"column":3}},"loc":{"start":{"line":77,"column":11},"end":{"line":81,"column":3}},"line":77},"16":{"name":"(anonymous_16)","decl":{"start":{"line":82,"column":2},"end":{"line":82,"column":3}},"loc":{"start":{"line":82,"column":12},"end":{"line":87,"column":3}},"line":82},"17":{"name":"(anonymous_17)","decl":{"start":{"line":88,"column":2},"end":{"line":88,"column":3}},"loc":{"start":{"line":88,"column":11},"end":{"line":92,"column":3}},"line":88},"18":{"name":"(anonymous_18)","decl":{"start":{"line":93,"column":2},"end":{"line":93,"column":3}},"loc":{"start":{"line":93,"column":12},"end":{"line":98,"column":3}},"line":93},"19":{"name":"(anonymous_19)","decl":{"start":{"line":99,"column":2},"end":{"line":99,"column":3}},"loc":{"start":{"line":99,"column":14},"end":{"line":104,"column":3}},"line":99},"20":{"name":"(anonymous_20)","decl":{"start":{"line":105,"column":2},"end":{"line":105,"column":3}},"loc":{"start":{"line":105,"column":9},"end":{"line":108,"column":3}},"line":105},"21":{"name":"(anonymous_21)","decl":{"start":{"line":109,"column":2},"end":{"line":109,"column":3}},"loc":{"start":{"line":109,"column":9},"end":{"line":112,"column":3}},"line":109},"22":{"name":"(anonymous_22)","decl":{"start":{"line":113,"column":2},"end":{"line":113,"column":3}},"loc":{"start":{"line":113,"column":10},"end":{"line":116,"column":3}},"line":113},"23":{"name":"(anonymous_23)","decl":{"start":{"line":117,"column":2},"end":{"line":117,"column":3}},"loc":{"start":{"line":117,"column":10},"end":{"line":120,"column":3}},"line":117},"24":{"name":"tokenizeFormat","decl":{"start":{"line":122,"column":9},"end":{"line":122,"column":23}},"loc":{"start":{"line":122,"column":38},"end":{"line":127,"column":1}},"line":122},"25":{"name":"(anonymous_25)","decl":{"start":{"line":124,"column":24},"end":{"line":124,"column":25}},"loc":{"start":{"line":124,"column":35},"end":{"line":124,"column":54}},"line":124},"26":{"name":"tokenizeValues","decl":{"start":{"line":128,"column":9},"end":{"line":128,"column":23}},"loc":{"start":{"line":128,"column":36},"end":{"line":130,"column":1}},"line":128},"27":{"name":"isArgumentsValid","decl":{"start":{"line":132,"column":9},"end":{"line":132,"column":25}},"loc":{"start":{"line":132,"column":46},"end":{"line":136,"column":1}},"line":132},"28":{"name":"(anonymous_28)","decl":{"start":{"line":134,"column":43},"end":{"line":134,"column":44}},"loc":{"start":{"line":134,"column":50},"end":{"line":134,"column":67}},"line":134},"29":{"name":"isFormatValid","decl":{"start":{"line":138,"column":9},"end":{"line":138,"column":22}},"loc":{"start":{"line":138,"column":49},"end":{"line":146,"column":1}},"line":138},"30":{"name":"fromFormat","decl":{"start":{"line":148,"column":9},"end":{"line":148,"column":19}},"loc":{"start":{"line":148,"column":46},"end":{"line":159,"column":1}},"line":148}},"branchMap":{"0":{"loc":{"start":{"line":23,"column":4},"end":{"line":23,"column":53}},"type":"if","locations":[{"start":{"line":23,"column":4},"end":{"line":23,"column":53}},{"start":{"line":23,"column":4},"end":{"line":23,"column":53}}],"line":23},"1":{"loc":{"start":{"line":31,"column":21},"end":{"line":31,"column":61}},"type":"cond-expr","locations":[{"start":{"line":31,"column":34},"end":{"line":31,"column":46}},{"start":{"line":31,"column":49},"end":{"line":31,"column":61}}],"line":31},"2":{"loc":{"start":{"line":36,"column":4},"end":{"line":36,"column":65}},"type":"if","locations":[{"start":{"line":36,"column":4},"end":{"line":36,"column":65}},{"start":{"line":36,"column":4},"end":{"line":36,"column":65}}],"line":36},"3":{"loc":{"start":{"line":36,"column":8},"end":{"line":36,"column":31}},"type":"binary-expr","locations":[{"start":{"line":36,"column":8},"end":{"line":36,"column":17}},{"start":{"line":36,"column":21},"end":{"line":36,"column":31}}],"line":36},"4":{"loc":{"start":{"line":42,"column":4},"end":{"line":43,"column":23}},"type":"if","locations":[{"start":{"line":42,"column":4},"end":{"line":43,"column":23}},{"start":{"line":42,"column":4},"end":{"line":43,"column":23}}],"line":42},"5":{"loc":{"start":{"line":47,"column":4},"end":{"line":48,"column":43}},"type":"if","locations":[{"start":{"line":47,"column":4},"end":{"line":48,"column":43}},{"start":{"line":47,"column":4},"end":{"line":48,"column":43}}],"line":47},"6":{"loc":{"start":{"line":52,"column":4},"end":{"line":53,"column":43}},"type":"if","locations":[{"start":{"line":52,"column":4},"end":{"line":53,"column":43}},{"start":{"line":52,"column":4},"end":{"line":53,"column":43}}],"line":52},"7":{"loc":{"start":{"line":57,"column":4},"end":{"line":57,"column":67}},"type":"if","locations":[{"start":{"line":57,"column":4},"end":{"line":57,"column":67}},{"start":{"line":57,"column":4},"end":{"line":57,"column":67}}],"line":57},"8":{"loc":{"start":{"line":57,"column":8},"end":{"line":57,"column":33}},"type":"binary-expr","locations":[{"start":{"line":57,"column":8},"end":{"line":57,"column":18}},{"start":{"line":57,"column":22},"end":{"line":57,"column":33}}],"line":57},"9":{"loc":{"start":{"line":63,"column":4},"end":{"line":64,"column":23}},"type":"if","locations":[{"start":{"line":63,"column":4},"end":{"line":64,"column":23}},{"start":{"line":63,"column":4},"end":{"line":64,"column":23}}],"line":63},"10":{"loc":{"start":{"line":68,"column":4},"end":{"line":69,"column":38}},"type":"if","locations":[{"start":{"line":68,"column":4},"end":{"line":69,"column":38}},{"start":{"line":68,"column":4},"end":{"line":69,"column":38}}],"line":68},"11":{"loc":{"start":{"line":68,"column":8},"end":{"line":68,"column":31}},"type":"binary-expr","locations":[{"start":{"line":68,"column":8},"end":{"line":68,"column":17}},{"start":{"line":68,"column":21},"end":{"line":68,"column":31}}],"line":68},"12":{"loc":{"start":{"line":74,"column":4},"end":{"line":75,"column":23}},"type":"if","locations":[{"start":{"line":74,"column":4},"end":{"line":75,"column":23}},{"start":{"line":74,"column":4},"end":{"line":75,"column":23}}],"line":74},"13":{"loc":{"start":{"line":79,"column":4},"end":{"line":80,"column":40}},"type":"if","locations":[{"start":{"line":79,"column":4},"end":{"line":80,"column":40}},{"start":{"line":79,"column":4},"end":{"line":80,"column":40}}],"line":79},"14":{"loc":{"start":{"line":79,"column":8},"end":{"line":79,"column":31}},"type":"binary-expr","locations":[{"start":{"line":79,"column":8},"end":{"line":79,"column":17}},{"start":{"line":79,"column":21},"end":{"line":79,"column":31}}],"line":79},"15":{"loc":{"start":{"line":85,"column":4},"end":{"line":86,"column":23}},"type":"if","locations":[{"start":{"line":85,"column":4},"end":{"line":86,"column":23}},{"start":{"line":85,"column":4},"end":{"line":86,"column":23}}],"line":85},"16":{"loc":{"start":{"line":90,"column":4},"end":{"line":91,"column":40}},"type":"if","locations":[{"start":{"line":90,"column":4},"end":{"line":91,"column":40}},{"start":{"line":90,"column":4},"end":{"line":91,"column":40}}],"line":90},"17":{"loc":{"start":{"line":90,"column":8},"end":{"line":90,"column":31}},"type":"binary-expr","locations":[{"start":{"line":90,"column":8},"end":{"line":90,"column":17}},{"start":{"line":90,"column":21},"end":{"line":90,"column":31}}],"line":90},"18":{"loc":{"start":{"line":96,"column":4},"end":{"line":97,"column":23}},"type":"if","locations":[{"start":{"line":96,"column":4},"end":{"line":97,"column":23}},{"start":{"line":96,"column":4},"end":{"line":97,"column":23}}],"line":96},"19":{"loc":{"start":{"line":102,"column":4},"end":{"line":102,"column":57}},"type":"if","locations":[{"start":{"line":102,"column":4},"end":{"line":102,"column":57}},{"start":{"line":102,"column":4},"end":{"line":102,"column":57}}],"line":102},"20":{"loc":{"start":{"line":106,"column":4},"end":{"line":107,"column":37}},"type":"if","locations":[{"start":{"line":106,"column":4},"end":{"line":107,"column":37}},{"start":{"line":106,"column":4},"end":{"line":107,"column":37}}],"line":106},"21":{"loc":{"start":{"line":106,"column":8},"end":{"line":106,"column":34}},"type":"binary-expr","locations":[{"start":{"line":106,"column":8},"end":{"line":106,"column":19}},{"start":{"line":106,"column":23},"end":{"line":106,"column":34}}],"line":106},"22":{"loc":{"start":{"line":110,"column":4},"end":{"line":111,"column":37}},"type":"if","locations":[{"start":{"line":110,"column":4},"end":{"line":111,"column":37}},{"start":{"line":110,"column":4},"end":{"line":111,"column":37}}],"line":110},"23":{"loc":{"start":{"line":110,"column":8},"end":{"line":110,"column":34}},"type":"binary-expr","locations":[{"start":{"line":110,"column":8},"end":{"line":110,"column":19}},{"start":{"line":110,"column":23},"end":{"line":110,"column":34}}],"line":110},"24":{"loc":{"start":{"line":114,"column":4},"end":{"line":115,"column":37}},"type":"if","locations":[{"start":{"line":114,"column":4},"end":{"line":115,"column":37}},{"start":{"line":114,"column":4},"end":{"line":115,"column":37}}],"line":114},"25":{"loc":{"start":{"line":114,"column":8},"end":{"line":114,"column":36}},"type":"binary-expr","locations":[{"start":{"line":114,"column":8},"end":{"line":114,"column":20}},{"start":{"line":114,"column":24},"end":{"line":114,"column":36}}],"line":114},"26":{"loc":{"start":{"line":118,"column":4},"end":{"line":119,"column":37}},"type":"if","locations":[{"start":{"line":118,"column":4},"end":{"line":119,"column":37}},{"start":{"line":118,"column":4},"end":{"line":119,"column":37}}],"line":118},"27":{"loc":{"start":{"line":118,"column":8},"end":{"line":118,"column":36}},"type":"binary-expr","locations":[{"start":{"line":118,"column":8},"end":{"line":118,"column":20}},{"start":{"line":118,"column":24},"end":{"line":118,"column":36}}],"line":118},"28":{"loc":{"start":{"line":135,"column":9},"end":{"line":135,"column":33}},"type":"binary-expr","locations":[{"start":{"line":135,"column":9},"end":{"line":135,"column":20}},{"start":{"line":135,"column":24},"end":{"line":135,"column":33}}],"line":135},"29":{"loc":{"start":{"line":142,"column":2},"end":{"line":142,"column":60}},"type":"if","locations":[{"start":{"line":142,"column":2},"end":{"line":142,"column":60}},{"start":{"line":142,"column":2},"end":{"line":142,"column":60}}],"line":142},"30":{"loc":{"start":{"line":144,"column":4},"end":{"line":144,"column":54}},"type":"if","locations":[{"start":{"line":144,"column":4},"end":{"line":144,"column":54}},{"start":{"line":144,"column":4},"end":{"line":144,"column":54}}],"line":144},"31":{"loc":{"start":{"line":150,"column":2},"end":{"line":150,"column":73}},"type":"if","locations":[{"start":{"line":150,"column":2},"end":{"line":150,"column":73}},{"start":{"line":150,"column":2},"end":{"line":150,"column":73}}],"line":150},"32":{"loc":{"start":{"line":151,"column":2},"end":{"line":152,"column":38}},"type":"if","locations":[{"start":{"line":151,"column":2},"end":{"line":152,"column":38}},{"start":{"line":151,"column":2},"end":{"line":152,"column":38}}],"line":151}},"s":{"0":32,"1":32,"2":16,"3":120,"4":1,"5":12,"6":12,"7":8,"8":8,"9":8,"10":6,"11":6,"12":1,"13":5,"14":4,"15":4,"16":4,"17":0,"18":4,"19":4,"20":37,"21":4,"22":0,"23":4,"24":4,"25":28,"26":4,"27":1,"28":3,"29":16,"30":16,"31":1,"32":15,"33":16,"34":15,"35":15,"36":1,"37":14,"38":12,"39":12,"40":1,"41":11,"42":12,"43":12,"44":12,"45":1,"46":11,"47":9,"48":9,"49":1,"50":8,"51":9,"52":9,"53":9,"54":0,"55":9,"56":8,"57":8,"58":1,"59":7,"60":8,"61":8,"62":8,"63":0,"64":8,"65":4,"66":4,"67":4,"68":2,"69":4,"70":2,"71":1,"72":1,"73":2,"74":1,"75":1,"76":2,"77":1,"78":1,"79":2,"80":1,"81":1,"82":22,"83":44,"84":22,"85":32,"86":32,"87":58,"88":32,"89":25,"90":25,"91":25,"92":25,"93":2,"94":23,"95":23,"96":75,"97":1,"98":22,"99":32,"100":32,"101":7,"102":25,"103":3,"104":22,"105":22,"106":22,"107":22,"108":82,"109":9,"110":1},"f":{"0":32,"1":16,"2":120,"3":12,"4":8,"5":6,"6":4,"7":4,"8":37,"9":4,"10":28,"11":16,"12":16,"13":12,"14":12,"15":9,"16":9,"17":8,"18":8,"19":4,"20":2,"21":2,"22":2,"23":2,"24":22,"25":44,"26":22,"27":32,"28":58,"29":25,"30":32},"b":{"0":[1,119],"1":[4,4],"2":[1,5],"3":[6,6],"4":[0,4],"5":[0,4],"6":[1,3],"7":[1,15],"8":[16,16],"9":[1,14],"10":[1,11],"11":[12,12],"12":[1,11],"13":[1,8],"14":[9,9],"15":[0,9],"16":[1,7],"17":[8,8],"18":[0,8],"19":[2,2],"20":[1,1],"21":[2,2],"22":[1,1],"23":[2,1],"24":[1,1],"25":[2,2],"26":[1,1],"27":[2,1],"28":[32,30],"29":[2,23],"30":[1,74],"31":[7,25],"32":[3,22]},"_coverageSchema":"1a1c01bbd47fc00a2c39e90264f33305004495a9","hash":"98139857e9bb28f1f1ea23e3d663b31a6342016c"}
,"C:\\Users\\think pad\\Desktop\\VSCode - Workspace\\FTS_Training\\js\\objectUtils.js": {"path":"C:\\Users\\think pad\\Desktop\\VSCode - Workspace\\FTS_Training\\js\\objectUtils.js","statementMap":{"0":{"start":{"line":2,"column":2},"end":{"line":3,"column":59}},"1":{"start":{"line":3,"column":4},"end":{"line":3,"column":59}},"2":{"start":{"line":4,"column":15},"end":{"line":4,"column":17}},"3":{"start":{"line":5,"column":2},"end":{"line":5,"column":38}},"4":{"start":{"line":5,"column":23},"end":{"line":5,"column":38}},"5":{"start":{"line":6,"column":2},"end":{"line":6,"column":14}},"6":{"start":{"line":10,"column":2},"end":{"line":11,"column":59}},"7":{"start":{"line":11,"column":4},"end":{"line":11,"column":59}},"8":{"start":{"line":12,"column":17},"end":{"line":12,"column":19}},"9":{"start":{"line":13,"column":2},"end":{"line":13,"column":45}},"10":{"start":{"line":13,"column":23},"end":{"line":13,"column":45}},"11":{"start":{"line":14,"column":2},"end":{"line":14,"column":16}},"12":{"start":{"line":18,"column":2},"end":{"line":19,"column":59}},"13":{"start":{"line":19,"column":4},"end":{"line":19,"column":59}},"14":{"start":{"line":20,"column":18},"end":{"line":20,"column":20}},"15":{"start":{"line":21,"column":2},"end":{"line":21,"column":53}},"16":{"start":{"line":21,"column":23},"end":{"line":21,"column":53}},"17":{"start":{"line":22,"column":2},"end":{"line":22,"column":17}},"18":{"start":{"line":26,"column":2},"end":{"line":26,"column":55}},"19":{"start":{"line":26,"column":45},"end":{"line":26,"column":55}},"20":{"start":{"line":27,"column":20},"end":{"line":27,"column":22}},"21":{"start":{"line":28,"column":2},"end":{"line":33,"column":3}},"22":{"start":{"line":28,"column":28},"end":{"line":28,"column":56}},"23":{"start":{"line":30,"column":23},"end":{"line":30,"column":39}},"24":{"start":{"line":31,"column":4},"end":{"line":32,"column":62}},"25":{"start":{"line":32,"column":6},"end":{"line":32,"column":62}},"26":{"start":{"line":32,"column":36},"end":{"line":32,"column":62}},"27":{"start":{"line":34,"column":2},"end":{"line":34,"column":19}},"28":{"start":{"line":38,"column":2},"end":{"line":38,"column":56}},"29":{"start":{"line":38,"column":46},"end":{"line":38,"column":56}},"30":{"start":{"line":39,"column":2},"end":{"line":39,"column":41}},"31":{"start":{"line":39,"column":30},"end":{"line":39,"column":41}},"32":{"start":{"line":40,"column":20},"end":{"line":40,"column":22}},"33":{"start":{"line":41,"column":2},"end":{"line":49,"column":3}},"34":{"start":{"line":42,"column":4},"end":{"line":44,"column":5}},"35":{"start":{"line":43,"column":6},"end":{"line":43,"column":58}},"36":{"start":{"line":43,"column":32},"end":{"line":43,"column":58}},"37":{"start":{"line":46,"column":23},"end":{"line":46,"column":39}},"38":{"start":{"line":47,"column":4},"end":{"line":48,"column":63}},"39":{"start":{"line":48,"column":6},"end":{"line":48,"column":63}},"40":{"start":{"line":48,"column":37},"end":{"line":48,"column":63}},"41":{"start":{"line":50,"column":2},"end":{"line":50,"column":19}},"42":{"start":{"line":54,"column":2},"end":{"line":54,"column":30}},"43":{"start":{"line":54,"column":23},"end":{"line":54,"column":30}},"44":{"start":{"line":55,"column":20},"end":{"line":55,"column":28}},"45":{"start":{"line":56,"column":2},"end":{"line":56,"column":51}},"46":{"start":{"line":56,"column":26},"end":{"line":56,"column":51}},"47":{"start":{"line":57,"column":22},"end":{"line":57,"column":39}},"48":{"start":{"line":58,"column":2},"end":{"line":58,"column":40}},"49":{"start":{"line":58,"column":33},"end":{"line":58,"column":40}},"50":{"start":{"line":59,"column":2},"end":{"line":59,"column":51}},"51":{"start":{"line":63,"column":2},"end":{"line":63,"column":36}},"52":{"start":{"line":63,"column":29},"end":{"line":63,"column":36}},"53":{"start":{"line":64,"column":15},"end":{"line":64,"column":37}},"54":{"start":{"line":65,"column":21},"end":{"line":65,"column":44}},"55":{"start":{"line":66,"column":2},"end":{"line":66,"column":62}},"56":{"start":{"line":69,"column":0},"end":{"line":69,"column":62}}},"fnMap":{"0":{"name":"keys","decl":{"start":{"line":1,"column":9},"end":{"line":1,"column":13}},"loc":{"start":{"line":1,"column":19},"end":{"line":7,"column":1}},"line":1},"1":{"name":"values","decl":{"start":{"line":9,"column":9},"end":{"line":9,"column":15}},"loc":{"start":{"line":9,"column":21},"end":{"line":15,"column":1}},"line":9},"2":{"name":"entries","decl":{"start":{"line":17,"column":9},"end":{"line":17,"column":16}},"loc":{"start":{"line":17,"column":22},"end":{"line":23,"column":1}},"line":17},"3":{"name":"pick","decl":{"start":{"line":25,"column":9},"end":{"line":25,"column":13}},"loc":{"start":{"line":25,"column":25},"end":{"line":35,"column":1}},"line":25},"4":{"name":"omit","decl":{"start":{"line":37,"column":9},"end":{"line":37,"column":13}},"loc":{"start":{"line":37,"column":25},"end":{"line":51,"column":1}},"line":37},"5":{"name":"getPropValue","decl":{"start":{"line":53,"column":9},"end":{"line":53,"column":21}},"loc":{"start":{"line":53,"column":37},"end":{"line":60,"column":1}},"line":53},"6":{"name":"mayBe","decl":{"start":{"line":62,"column":9},"end":{"line":62,"column":14}},"loc":{"start":{"line":62,"column":39},"end":{"line":67,"column":1}},"line":62}},"branchMap":{"0":{"loc":{"start":{"line":2,"column":2},"end":{"line":3,"column":59}},"type":"if","locations":[{"start":{"line":2,"column":2},"end":{"line":3,"column":59}},{"start":{"line":2,"column":2},"end":{"line":3,"column":59}}],"line":2},"1":{"loc":{"start":{"line":2,"column":6},"end":{"line":2,"column":39}},"type":"binary-expr","locations":[{"start":{"line":2,"column":6},"end":{"line":2,"column":18}},{"start":{"line":2,"column":22},"end":{"line":2,"column":39}}],"line":2},"2":{"loc":{"start":{"line":10,"column":2},"end":{"line":11,"column":59}},"type":"if","locations":[{"start":{"line":10,"column":2},"end":{"line":11,"column":59}},{"start":{"line":10,"column":2},"end":{"line":11,"column":59}}],"line":10},"3":{"loc":{"start":{"line":10,"column":6},"end":{"line":10,"column":39}},"type":"binary-expr","locations":[{"start":{"line":10,"column":6},"end":{"line":10,"column":18}},{"start":{"line":10,"column":22},"end":{"line":10,"column":39}}],"line":10},"4":{"loc":{"start":{"line":18,"column":2},"end":{"line":19,"column":59}},"type":"if","locations":[{"start":{"line":18,"column":2},"end":{"line":19,"column":59}},{"start":{"line":18,"column":2},"end":{"line":19,"column":59}}],"line":18},"5":{"loc":{"start":{"line":18,"column":6},"end":{"line":18,"column":39}},"type":"binary-expr","locations":[{"start":{"line":18,"column":6},"end":{"line":18,"column":18}},{"start":{"line":18,"column":22},"end":{"line":18,"column":39}}],"line":18},"6":{"loc":{"start":{"line":26,"column":2},"end":{"line":26,"column":55}},"type":"if","locations":[{"start":{"line":26,"column":2},"end":{"line":26,"column":55}},{"start":{"line":26,"column":2},"end":{"line":26,"column":55}}],"line":26},"7":{"loc":{"start":{"line":26,"column":6},"end":{"line":26,"column":43}},"type":"binary-expr","locations":[{"start":{"line":26,"column":6},"end":{"line":26,"column":27}},{"start":{"line":26,"column":31},"end":{"line":26,"column":43}}],"line":26},"8":{"loc":{"start":{"line":28,"column":2},"end":{"line":33,"column":3}},"type":"if","locations":[{"start":{"line":28,"column":2},"end":{"line":33,"column":3}},{"start":{"line":28,"column":2},"end":{"line":33,"column":3}}],"line":28},"9":{"loc":{"start":{"line":32,"column":6},"end":{"line":32,"column":62}},"type":"if","locations":[{"start":{"line":32,"column":6},"end":{"line":32,"column":62}},{"start":{"line":32,"column":6},"end":{"line":32,"column":62}}],"line":32},"10":{"loc":{"start":{"line":38,"column":2},"end":{"line":38,"column":56}},"type":"if","locations":[{"start":{"line":38,"column":2},"end":{"line":38,"column":56}},{"start":{"line":38,"column":2},"end":{"line":38,"column":56}}],"line":38},"11":{"loc":{"start":{"line":38,"column":6},"end":{"line":38,"column":44}},"type":"binary-expr","locations":[{"start":{"line":38,"column":6},"end":{"line":38,"column":28}},{"start":{"line":38,"column":32},"end":{"line":38,"column":44}}],"line":38},"12":{"loc":{"start":{"line":39,"column":2},"end":{"line":39,"column":41}},"type":"if","locations":[{"start":{"line":39,"column":2},"end":{"line":39,"column":41}},{"start":{"line":39,"column":2},"end":{"line":39,"column":41}}],"line":39},"13":{"loc":{"start":{"line":41,"column":2},"end":{"line":49,"column":3}},"type":"if","locations":[{"start":{"line":41,"column":2},"end":{"line":49,"column":3}},{"start":{"line":41,"column":2},"end":{"line":49,"column":3}}],"line":41},"14":{"loc":{"start":{"line":43,"column":6},"end":{"line":43,"column":58}},"type":"if","locations":[{"start":{"line":43,"column":6},"end":{"line":43,"column":58}},{"start":{"line":43,"column":6},"end":{"line":43,"column":58}}],"line":43},"15":{"loc":{"start":{"line":48,"column":6},"end":{"line":48,"column":63}},"type":"if","locations":[{"start":{"line":48,"column":6},"end":{"line":48,"column":63}},{"start":{"line":48,"column":6},"end":{"line":48,"column":63}}],"line":48},"16":{"loc":{"start":{"line":54,"column":2},"end":{"line":54,"column":30}},"type":"if","locations":[{"start":{"line":54,"column":2},"end":{"line":54,"column":30}},{"start":{"line":54,"column":2},"end":{"line":54,"column":30}}],"line":54},"17":{"loc":{"start":{"line":56,"column":2},"end":{"line":56,"column":51}},"type":"if","locations":[{"start":{"line":56,"column":2},"end":{"line":56,"column":51}},{"start":{"line":56,"column":2},"end":{"line":56,"column":51}}],"line":56},"18":{"loc":{"start":{"line":58,"column":2},"end":{"line":58,"column":40}},"type":"if","locations":[{"start":{"line":58,"column":2},"end":{"line":58,"column":40}},{"start":{"line":58,"column":2},"end":{"line":58,"column":40}}],"line":58},"19":{"loc":{"start":{"line":63,"column":2},"end":{"line":63,"column":36}},"type":"if","locations":[{"start":{"line":63,"column":2},"end":{"line":63,"column":36}},{"start":{"line":63,"column":2},"end":{"line":63,"column":36}}],"line":63},"20":{"loc":{"start":{"line":66,"column":9},"end":{"line":66,"column":61}},"type":"cond-expr","locations":[{"start":{"line":66,"column":36},"end":{"line":66,"column":48}},{"start":{"line":66,"column":51},"end":{"line":66,"column":61}}],"line":66}},"s":{"0":10,"1":3,"2":7,"3":7,"4":14,"5":7,"6":10,"7":3,"8":7,"9":7,"10":14,"11":7,"12":10,"13":3,"14":7,"15":7,"16":14,"17":7,"18":13,"19":4,"20":9,"21":9,"22":5,"23":4,"24":4,"25":15,"26":7,"27":9,"28":13,"29":3,"30":10,"31":1,"32":9,"33":9,"34":5,"35":5,"36":3,"37":4,"38":4,"39":15,"40":6,"41":9,"42":21,"43":2,"44":19,"45":19,"46":6,"47":13,"48":13,"49":6,"50":7,"51":16,"52":2,"53":14,"54":14,"55":14,"56":6},"f":{"0":10,"1":10,"2":10,"3":13,"4":13,"5":21,"6":16},"b":{"0":[3,7],"1":[10,9],"2":[3,7],"3":[10,9],"4":[3,7],"5":[10,9],"6":[4,9],"7":[13,10],"8":[5,4],"9":[7,8],"10":[3,10],"11":[13,12],"12":[1,9],"13":[5,4],"14":[3,2],"15":[6,9],"16":[2,19],"17":[6,13],"18":[6,7],"19":[2,14],"20":[10,4]},"_coverageSchema":"1a1c01bbd47fc00a2c39e90264f33305004495a9","hash":"e5106fa61a2ac9305992c5bca1e7ce1337f4b22d"}
,"C:\\Users\\think pad\\Desktop\\VSCode - Workspace\\FTS_Training\\js\\stringUtils.js": {"path":"C:\\Users\\think pad\\Desktop\\VSCode - Workspace\\FTS_Training\\js\\stringUtils.js","statementMap":{"0":{"start":{"line":2,"column":2},"end":{"line":2,"column":35}},"1":{"start":{"line":2,"column":25},"end":{"line":2,"column":35}},"2":{"start":{"line":3,"column":2},"end":{"line":3,"column":77}},"3":{"start":{"line":3,"column":31},"end":{"line":3,"column":77}},"4":{"start":{"line":4,"column":15},"end":{"line":4,"column":50}},"5":{"start":{"line":5,"column":22},"end":{"line":5,"column":35}},"6":{"start":{"line":6,"column":27},"end":{"line":10,"column":4}},"7":{"start":{"line":7,"column":4},"end":{"line":9,"column":15}},"8":{"start":{"line":11,"column":2},"end":{"line":11,"column":35}},"9":{"start":{"line":15,"column":2},"end":{"line":15,"column":35}},"10":{"start":{"line":15,"column":25},"end":{"line":15,"column":35}},"11":{"start":{"line":16,"column":2},"end":{"line":16,"column":77}},"12":{"start":{"line":16,"column":31},"end":{"line":16,"column":77}},"13":{"start":{"line":17,"column":15},"end":{"line":17,"column":50}},"14":{"start":{"line":18,"column":22},"end":{"line":18,"column":35}},"15":{"start":{"line":19,"column":27},"end":{"line":23,"column":4}},"16":{"start":{"line":20,"column":4},"end":{"line":22,"column":23}},"17":{"start":{"line":21,"column":6},"end":{"line":21,"column":61}},"18":{"start":{"line":22,"column":9},"end":{"line":22,"column":23}},"19":{"start":{"line":24,"column":2},"end":{"line":24,"column":35}},"20":{"start":{"line":28,"column":2},"end":{"line":28,"column":35}},"21":{"start":{"line":28,"column":25},"end":{"line":28,"column":35}},"22":{"start":{"line":29,"column":2},"end":{"line":29,"column":77}},"23":{"start":{"line":29,"column":31},"end":{"line":29,"column":77}},"24":{"start":{"line":30,"column":21},"end":{"line":30,"column":77}},"25":{"start":{"line":30,"column":31},"end":{"line":30,"column":77}},"26":{"start":{"line":31,"column":20},"end":{"line":37,"column":13}},"27":{"start":{"line":36,"column":27},"end":{"line":36,"column":63}},"28":{"start":{"line":38,"column":2},"end":{"line":38,"column":73}},"29":{"start":{"line":42,"column":2},"end":{"line":42,"column":35}},"30":{"start":{"line":42,"column":25},"end":{"line":42,"column":35}},"31":{"start":{"line":43,"column":2},"end":{"line":43,"column":77}},"32":{"start":{"line":43,"column":31},"end":{"line":43,"column":77}},"33":{"start":{"line":44,"column":20},"end":{"line":51,"column":18}},"34":{"start":{"line":46,"column":45},"end":{"line":46,"column":56}},"35":{"start":{"line":52,"column":2},"end":{"line":52,"column":19}},"36":{"start":{"line":55,"column":0},"end":{"line":55,"column":65}}},"fnMap":{"0":{"name":"lowerCase","decl":{"start":{"line":1,"column":9},"end":{"line":1,"column":18}},"loc":{"start":{"line":1,"column":24},"end":{"line":12,"column":1}},"line":1},"1":{"name":"(anonymous_1)","decl":{"start":{"line":6,"column":43},"end":{"line":6,"column":44}},"loc":{"start":{"line":6,"column":61},"end":{"line":10,"column":3}},"line":6},"2":{"name":"upperCase","decl":{"start":{"line":14,"column":9},"end":{"line":14,"column":18}},"loc":{"start":{"line":14,"column":24},"end":{"line":25,"column":1}},"line":14},"3":{"name":"(anonymous_3)","decl":{"start":{"line":19,"column":43},"end":{"line":19,"column":44}},"loc":{"start":{"line":19,"column":61},"end":{"line":23,"column":3}},"line":19},"4":{"name":"pascalCase","decl":{"start":{"line":27,"column":9},"end":{"line":27,"column":19}},"loc":{"start":{"line":27,"column":25},"end":{"line":39,"column":1}},"line":27},"5":{"name":"(anonymous_5)","decl":{"start":{"line":30,"column":21},"end":{"line":30,"column":22}},"loc":{"start":{"line":30,"column":31},"end":{"line":30,"column":77}},"line":30},"6":{"name":"(anonymous_6)","decl":{"start":{"line":36,"column":9},"end":{"line":36,"column":10}},"loc":{"start":{"line":36,"column":27},"end":{"line":36,"column":63}},"line":36},"7":{"name":"kebabCase","decl":{"start":{"line":41,"column":9},"end":{"line":41,"column":18}},"loc":{"start":{"line":41,"column":24},"end":{"line":53,"column":1}},"line":41},"8":{"name":"(anonymous_8)","decl":{"start":{"line":46,"column":31},"end":{"line":46,"column":32}},"loc":{"start":{"line":46,"column":45},"end":{"line":46,"column":56}},"line":46}},"branchMap":{"0":{"loc":{"start":{"line":2,"column":2},"end":{"line":2,"column":35}},"type":"if","locations":[{"start":{"line":2,"column":2},"end":{"line":2,"column":35}},{"start":{"line":2,"column":2},"end":{"line":2,"column":35}}],"line":2},"1":{"loc":{"start":{"line":3,"column":2},"end":{"line":3,"column":77}},"type":"if","locations":[{"start":{"line":3,"column":2},"end":{"line":3,"column":77}},{"start":{"line":3,"column":2},"end":{"line":3,"column":77}}],"line":3},"2":{"loc":{"start":{"line":7,"column":11},"end":{"line":9,"column":14}},"type":"cond-expr","locations":[{"start":{"line":8,"column":8},"end":{"line":8,"column":55}},{"start":{"line":9,"column":8},"end":{"line":9,"column":14}}],"line":7},"3":{"loc":{"start":{"line":15,"column":2},"end":{"line":15,"column":35}},"type":"if","locations":[{"start":{"line":15,"column":2},"end":{"line":15,"column":35}},{"start":{"line":15,"column":2},"end":{"line":15,"column":35}}],"line":15},"4":{"loc":{"start":{"line":16,"column":2},"end":{"line":16,"column":77}},"type":"if","locations":[{"start":{"line":16,"column":2},"end":{"line":16,"column":77}},{"start":{"line":16,"column":2},"end":{"line":16,"column":77}}],"line":16},"5":{"loc":{"start":{"line":20,"column":4},"end":{"line":22,"column":23}},"type":"if","locations":[{"start":{"line":20,"column":4},"end":{"line":22,"column":23}},{"start":{"line":20,"column":4},"end":{"line":22,"column":23}}],"line":20},"6":{"loc":{"start":{"line":28,"column":2},"end":{"line":28,"column":35}},"type":"if","locations":[{"start":{"line":28,"column":2},"end":{"line":28,"column":35}},{"start":{"line":28,"column":2},"end":{"line":28,"column":35}}],"line":28},"7":{"loc":{"start":{"line":29,"column":2},"end":{"line":29,"column":77}},"type":"if","locations":[{"start":{"line":29,"column":2},"end":{"line":29,"column":77}},{"start":{"line":29,"column":2},"end":{"line":29,"column":77}}],"line":29},"8":{"loc":{"start":{"line":36,"column":27},"end":{"line":36,"column":63}},"type":"cond-expr","locations":[{"start":{"line":36,"column":40},"end":{"line":36,"column":44}},{"start":{"line":36,"column":47},"end":{"line":36,"column":63}}],"line":36},"9":{"loc":{"start":{"line":38,"column":9},"end":{"line":38,"column":72}},"type":"cond-expr","locations":[{"start":{"line":38,"column":50},"end":{"line":38,"column":60}},{"start":{"line":38,"column":63},"end":{"line":38,"column":72}}],"line":38},"10":{"loc":{"start":{"line":42,"column":2},"end":{"line":42,"column":35}},"type":"if","locations":[{"start":{"line":42,"column":2},"end":{"line":42,"column":35}},{"start":{"line":42,"column":2},"end":{"line":42,"column":35}}],"line":42},"11":{"loc":{"start":{"line":43,"column":2},"end":{"line":43,"column":77}},"type":"if","locations":[{"start":{"line":43,"column":2},"end":{"line":43,"column":77}},{"start":{"line":43,"column":2},"end":{"line":43,"column":77}}],"line":43}},"s":{"0":16,"1":1,"2":15,"3":8,"4":7,"5":7,"6":7,"7":40,"8":7,"9":16,"10":1,"11":15,"12":8,"13":7,"14":7,"15":7,"16":40,"17":9,"18":31,"19":7,"20":17,"21":1,"22":16,"23":8,"24":8,"25":5,"26":8,"27":13,"28":8,"29":16,"30":1,"31":15,"32":8,"33":7,"34":4,"35":7,"36":4},"f":{"0":16,"1":40,"2":16,"3":40,"4":17,"5":5,"6":13,"7":16,"8":4},"b":{"0":[1,15],"1":[8,7],"2":[12,28],"3":[1,15],"4":[8,7],"5":[9,31],"6":[1,16],"7":[8,8],"8":[8,5],"9":[3,5],"10":[1,15],"11":[8,7]},"_coverageSchema":"1a1c01bbd47fc00a2c39e90264f33305004495a9","hash":"e47808a46166fce7aefb5b71d4f1c8ecccbf80ae"}
}
