TN:
SF:js\addDate.js
FN:1,isValidAmount
FN:5,add
FNF:2
FNH:2
FNDA:8,isValidAmount
FNDA:25,add
DA:2,8
DA:3,8
DA:6,25
DA:7,24
DA:8,17
DA:9,15
DA:10,8
DA:11,6
DA:12,6
DA:13,6
DA:14,6
DA:15,6
DA:16,6
DA:18,1
LF:14
LH:14
BRDA:3,0,0,8
BRDA:3,0,1,6
BRDA:6,1,0,1
BRDA:6,1,1,24
BRDA:7,2,0,7
BRDA:7,2,1,17
BRDA:8,3,0,2
BRDA:8,3,1,15
BRDA:8,4,0,17
BRDA:8,4,1,3
BRDA:9,5,0,7
BRDA:9,5,1,8
BRDA:10,6,0,2
BRDA:10,6,1,6
BRDA:14,7,0,3
BRDA:14,7,1,3
BRDA:15,8,0,3
BRDA:15,8,1,3
BRF:18
BRH:18
end_of_record
TN:
SF:js\arrayUtils.js
FN:1,map
FN:15,filter
FN:28,some
FN:39,every
FN:50,find
FN:61,findIndex
FN:72,joinToArray
FN:81,reverse
FN:88,last
FN:94,flatten
FN:104,groupBy
FN:118,removeDuplicates
FN:122,(anonymous_12)
FN:127,(anonymous_13)
FNF:14
FNH:14
FNDA:20,map
FNDA:19,filter
FNDA:20,some
FNDA:20,every
FNDA:20,find
FNDA:20,findIndex
FNDA:12,joinToArray
FNDA:9,reverse
FNDA:9,last
FNDA:11,flatten
FNDA:12,groupBy
FNDA:13,removeDuplicates
FNDA:24,(anonymous_12)
FNDA:18,(anonymous_13)
DA:2,20
DA:3,14
DA:4,6
DA:5,8
DA:6,8
DA:7,8
DA:8,24
DA:9,24
DA:10,24
DA:12,8
DA:16,19
DA:17,13
DA:18,6
DA:19,7
DA:20,7
DA:21,7
DA:22,33
DA:23,33
DA:25,7
DA:29,20
DA:30,14
DA:31,6
DA:32,8
DA:33,19
DA:34,19
DA:36,3
DA:40,20
DA:41,14
DA:42,6
DA:43,8
DA:44,24
DA:45,24
DA:47,5
DA:51,20
DA:52,14
DA:53,6
DA:54,8
DA:55,24
DA:56,24
DA:58,3
DA:62,20
DA:63,14
DA:64,6
DA:65,8
DA:66,24
DA:67,24
DA:69,2
DA:73,12
DA:74,6
DA:75,6
DA:76,11
DA:78,6
DA:82,9
DA:83,3
DA:84,16
DA:85,3
DA:89,9
DA:90,3
DA:91,3
DA:95,11
DA:96,5
DA:97,5
DA:98,27
DA:99,27
DA:101,5
DA:105,12
DA:106,6
DA:107,6
DA:108,5
DA:110,24
DA:111,24
DA:113,3
DA:115,6
DA:119,13
DA:120,7
DA:122,3
DA:123,24
DA:124,12
DA:125,12
DA:127,3
DA:128,18
DA:129,9
DA:132,3
DA:133,3
DA:134,3
DA:135,3
DA:136,12
DA:137,12
DA:139,9
DA:140,3
DA:143,12
LF:91
LH:91
BRDA:2,0,0,6
BRDA:2,0,1,14
BRDA:3,1,0,6
BRDA:3,1,1,8
BRDA:16,2,0,6
BRDA:16,2,1,13
BRDA:17,3,0,6
BRDA:17,3,1,7
BRDA:23,4,0,17
BRDA:23,4,1,16
BRDA:29,5,0,6
BRDA:29,5,1,14
BRDA:30,6,0,6
BRDA:30,6,1,8
BRDA:34,7,0,5
BRDA:34,7,1,14
BRDA:40,8,0,6
BRDA:40,8,1,14
BRDA:41,9,0,6
BRDA:41,9,1,8
BRDA:45,10,0,3
BRDA:45,10,1,21
BRDA:51,11,0,6
BRDA:51,11,1,14
BRDA:52,12,0,6
BRDA:52,12,1,8
BRDA:56,13,0,5
BRDA:56,13,1,19
BRDA:62,14,0,6
BRDA:62,14,1,14
BRDA:63,15,0,6
BRDA:63,15,1,8
BRDA:67,16,0,6
BRDA:67,16,1,18
BRDA:73,17,0,6
BRDA:73,17,1,6
BRDA:82,18,0,6
BRDA:82,18,1,3
BRDA:89,19,0,6
BRDA:89,19,1,3
BRDA:95,20,0,6
BRDA:95,20,1,5
BRDA:99,21,0,12
BRDA:99,21,1,15
BRDA:105,22,0,6
BRDA:105,22,1,6
BRDA:107,23,0,5
BRDA:107,23,1,1
BRDA:110,24,0,15
BRDA:110,24,1,9
BRDA:111,25,0,12
BRDA:111,25,1,12
BRDA:119,26,0,6
BRDA:119,26,1,7
BRDA:120,27,0,4
BRDA:120,27,1,3
BRDA:123,28,0,12
BRDA:123,28,1,12
BRDA:128,29,0,9
BRDA:128,29,1,9
BRF:60
BRH:60
end_of_record
TN:
SF:js\format.js
FN:2,(anonymous_0)
FN:19,(anonymous_1)
FN:22,(anonymous_2)
FN:25,(anonymous_3)
FN:28,(anonymous_4)
FN:31,(anonymous_5)
FN:34,(anonymous_6)
FN:37,(anonymous_7)
FN:40,(anonymous_8)
FN:43,(anonymous_9)
FN:46,(anonymous_10)
FN:49,(anonymous_11)
FN:52,(anonymous_12)
FN:55,(anonymous_13)
FN:58,(anonymous_14)
FN:61,(anonymous_15)
FN:65,(anonymous_16)
FN:68,(anonymous_17)
FN:71,(anonymous_18)
FN:74,(anonymous_19)
FN:80,tokenizeFormat
FN:82,(anonymous_21)
FN:87,format
FNF:23
FNH:23
FNDA:10,(anonymous_0)
FNDA:11,(anonymous_1)
FNDA:3,(anonymous_2)
FNDA:2,(anonymous_3)
FNDA:4,(anonymous_4)
FNDA:2,(anonymous_5)
FNDA:2,(anonymous_6)
FNDA:4,(anonymous_7)
FNDA:5,(anonymous_8)
FNDA:3,(anonymous_9)
FNDA:7,(anonymous_10)
FNDA:2,(anonymous_11)
FNDA:3,(anonymous_12)
FNDA:2,(anonymous_13)
FNDA:5,(anonymous_14)
FNDA:2,(anonymous_15)
FNDA:1,(anonymous_16)
FNDA:1,(anonymous_17)
FNDA:1,(anonymous_18)
FNDA:4,(anonymous_19)
FNDA:10,tokenizeFormat
FNDA:14,(anonymous_21)
FNDA:24,format
DA:3,10
DA:4,10
DA:20,11
DA:23,3
DA:26,2
DA:29,4
DA:32,2
DA:35,2
DA:38,4
DA:41,5
DA:44,3
DA:47,7
DA:50,2
DA:53,3
DA:56,2
DA:59,5
DA:62,2
DA:63,2
DA:66,1
DA:69,1
DA:72,1
DA:75,4
DA:76,4
DA:81,10
DA:82,14
DA:88,24
DA:89,17
DA:90,10
DA:91,10
DA:92,10
DA:93,10
DA:94,10
DA:95,10
DA:96,26
DA:97,26
DA:99,7
DA:100,7
DA:101,7
DA:102,7
DA:105,1
LF:40
LH:40
BRDA:20,0,0,8
BRDA:20,0,1,3
BRDA:76,1,0,4
BRDA:76,1,1,0
BRDA:88,2,0,7
BRDA:88,2,1,17
BRDA:89,3,0,7
BRDA:89,3,1,10
BRF:8
BRH:7
end_of_record
TN:
SF:js\fromFormat.js
FN:2,(anonymous_0)
FN:19,(anonymous_1)
FN:22,(anonymous_2)
FN:25,(anonymous_3)
FN:29,(anonymous_4)
FN:34,(anonymous_5)
FN:39,(anonymous_6)
FN:45,(anonymous_7)
FN:46,(anonymous_8)
FN:50,(anonymous_9)
FN:51,(anonymous_10)
FN:55,(anonymous_11)
FN:60,(anonymous_12)
FN:66,(anonymous_13)
FN:71,(anonymous_14)
FN:77,(anonymous_15)
FN:82,(anonymous_16)
FN:88,(anonymous_17)
FN:93,(anonymous_18)
FN:99,(anonymous_19)
FN:105,(anonymous_20)
FN:109,(anonymous_21)
FN:113,(anonymous_22)
FN:117,(anonymous_23)
FN:122,tokenizeFormat
FN:124,(anonymous_25)
FN:128,tokenizeValues
FN:132,isArgumentsValid
FN:134,(anonymous_28)
FN:138,isFormatValid
FN:148,fromFormat
FNF:31
FNH:31
FNDA:32,(anonymous_0)
FNDA:16,(anonymous_1)
FNDA:120,(anonymous_2)
FNDA:12,(anonymous_3)
FNDA:8,(anonymous_4)
FNDA:6,(anonymous_5)
FNDA:4,(anonymous_6)
FNDA:4,(anonymous_7)
FNDA:37,(anonymous_8)
FNDA:4,(anonymous_9)
FNDA:28,(anonymous_10)
FNDA:16,(anonymous_11)
FNDA:16,(anonymous_12)
FNDA:12,(anonymous_13)
FNDA:12,(anonymous_14)
FNDA:9,(anonymous_15)
FNDA:9,(anonymous_16)
FNDA:8,(anonymous_17)
FNDA:8,(anonymous_18)
FNDA:4,(anonymous_19)
FNDA:2,(anonymous_20)
FNDA:2,(anonymous_21)
FNDA:2,(anonymous_22)
FNDA:2,(anonymous_23)
FNDA:22,tokenizeFormat
FNDA:44,(anonymous_25)
FNDA:22,tokenizeValues
FNDA:32,isArgumentsValid
FNDA:58,(anonymous_28)
FNDA:25,isFormatValid
FNDA:32,fromFormat
DA:3,32
DA:4,32
DA:20,16
DA:23,120
DA:26,12
DA:27,12
DA:30,8
DA:31,8
DA:32,8
DA:35,6
DA:36,6
DA:37,5
DA:40,4
DA:41,4
DA:42,4
DA:43,4
DA:46,37
DA:47,4
DA:48,4
DA:51,28
DA:52,4
DA:53,3
DA:56,16
DA:57,16
DA:58,15
DA:61,16
DA:62,15
DA:63,15
DA:64,14
DA:67,12
DA:68,12
DA:69,11
DA:72,12
DA:73,12
DA:74,12
DA:75,11
DA:78,9
DA:79,9
DA:80,8
DA:83,9
DA:84,9
DA:85,9
DA:86,9
DA:89,8
DA:90,8
DA:91,7
DA:94,8
DA:95,8
DA:96,8
DA:97,8
DA:100,4
DA:101,4
DA:102,4
DA:103,4
DA:106,2
DA:107,1
DA:110,2
DA:111,1
DA:114,2
DA:115,1
DA:118,2
DA:119,1
DA:123,22
DA:124,44
DA:129,22
DA:133,32
DA:134,58
DA:135,32
DA:139,25
DA:140,25
DA:141,25
DA:142,25
DA:143,23
DA:144,75
DA:145,22
DA:149,32
DA:150,32
DA:151,25
DA:152,3
DA:153,22
DA:154,22
DA:155,22
DA:156,82
DA:158,9
DA:161,1
LF:85
LH:85
BRDA:23,0,0,1
BRDA:23,0,1,119
BRDA:31,1,0,4
BRDA:31,1,1,4
BRDA:36,2,0,1
BRDA:36,2,1,5
BRDA:36,3,0,6
BRDA:36,3,1,6
BRDA:42,4,0,0
BRDA:42,4,1,4
BRDA:47,5,0,0
BRDA:47,5,1,4
BRDA:52,6,0,1
BRDA:52,6,1,3
BRDA:57,7,0,1
BRDA:57,7,1,15
BRDA:57,8,0,16
BRDA:57,8,1,16
BRDA:63,9,0,1
BRDA:63,9,1,14
BRDA:68,10,0,1
BRDA:68,10,1,11
BRDA:68,11,0,12
BRDA:68,11,1,12
BRDA:74,12,0,1
BRDA:74,12,1,11
BRDA:79,13,0,1
BRDA:79,13,1,8
BRDA:79,14,0,9
BRDA:79,14,1,9
BRDA:85,15,0,0
BRDA:85,15,1,9
BRDA:90,16,0,1
BRDA:90,16,1,7
BRDA:90,17,0,8
BRDA:90,17,1,8
BRDA:96,18,0,0
BRDA:96,18,1,8
BRDA:102,19,0,2
BRDA:102,19,1,2
BRDA:106,20,0,1
BRDA:106,20,1,1
BRDA:106,21,0,2
BRDA:106,21,1,2
BRDA:110,22,0,1
BRDA:110,22,1,1
BRDA:110,23,0,2
BRDA:110,23,1,1
BRDA:114,24,0,1
BRDA:114,24,1,1
BRDA:114,25,0,2
BRDA:114,25,1,2
BRDA:118,26,0,1
BRDA:118,26,1,1
BRDA:118,27,0,2
BRDA:118,27,1,1
BRDA:135,28,0,32
BRDA:135,28,1,30
BRDA:142,29,0,2
BRDA:142,29,1,23
BRDA:144,30,0,1
BRDA:144,30,1,74
BRDA:150,31,0,7
BRDA:150,31,1,25
BRDA:151,32,0,3
BRDA:151,32,1,22
BRF:66
BRH:62
end_of_record
TN:
SF:js\objectUtils.js
FN:1,keys
FN:9,values
FN:17,entries
FN:25,pick
FN:37,omit
FN:53,getPropValue
FN:62,mayBe
FNF:7
FNH:7
FNDA:10,keys
FNDA:10,values
FNDA:10,entries
FNDA:13,pick
FNDA:13,omit
FNDA:21,getPropValue
FNDA:16,mayBe
DA:2,10
DA:3,3
DA:4,7
DA:5,14
DA:6,7
DA:10,10
DA:11,3
DA:12,7
DA:13,14
DA:14,7
DA:18,10
DA:19,3
DA:20,7
DA:21,14
DA:22,7
DA:26,13
DA:27,9
DA:28,9
DA:30,4
DA:31,4
DA:32,15
DA:34,9
DA:38,13
DA:39,10
DA:40,9
DA:41,9
DA:42,5
DA:43,5
DA:46,4
DA:47,4
DA:48,15
DA:50,9
DA:54,21
DA:55,19
DA:56,19
DA:57,13
DA:58,13
DA:59,7
DA:63,16
DA:64,14
DA:65,14
DA:66,14
DA:69,6
LF:43
LH:43
BRDA:2,0,0,3
BRDA:2,0,1,7
BRDA:2,1,0,10
BRDA:2,1,1,9
BRDA:10,2,0,3
BRDA:10,2,1,7
BRDA:10,3,0,10
BRDA:10,3,1,9
BRDA:18,4,0,3
BRDA:18,4,1,7
BRDA:18,5,0,10
BRDA:18,5,1,9
BRDA:26,6,0,4
BRDA:26,6,1,9
BRDA:26,7,0,13
BRDA:26,7,1,10
BRDA:28,8,0,5
BRDA:28,8,1,4
BRDA:32,9,0,7
BRDA:32,9,1,8
BRDA:38,10,0,3
BRDA:38,10,1,10
BRDA:38,11,0,13
BRDA:38,11,1,12
BRDA:39,12,0,1
BRDA:39,12,1,9
BRDA:41,13,0,5
BRDA:41,13,1,4
BRDA:43,14,0,3
BRDA:43,14,1,2
BRDA:48,15,0,6
BRDA:48,15,1,9
BRDA:54,16,0,2
BRDA:54,16,1,19
BRDA:56,17,0,6
BRDA:56,17,1,13
BRDA:58,18,0,6
BRDA:58,18,1,7
BRDA:63,19,0,2
BRDA:63,19,1,14
BRDA:66,20,0,10
BRDA:66,20,1,4
BRF:42
BRH:42
end_of_record
TN:
SF:js\stringUtils.js
FN:1,lowerCase
FN:6,(anonymous_1)
FN:14,upperCase
FN:19,(anonymous_3)
FN:27,pascalCase
FN:30,(anonymous_5)
FN:36,(anonymous_6)
FN:41,kebabCase
FN:46,(anonymous_8)
FNF:9
FNH:9
FNDA:16,lowerCase
FNDA:40,(anonymous_1)
FNDA:16,upperCase
FNDA:40,(anonymous_3)
FNDA:17,pascalCase
FNDA:5,(anonymous_5)
FNDA:13,(anonymous_6)
FNDA:16,kebabCase
FNDA:4,(anonymous_8)
DA:2,16
DA:3,15
DA:4,7
DA:5,7
DA:6,7
DA:7,40
DA:11,7
DA:15,16
DA:16,15
DA:17,7
DA:18,7
DA:19,7
DA:20,40
DA:21,9
DA:22,31
DA:24,7
DA:28,17
DA:29,16
DA:30,8
DA:31,8
DA:36,13
DA:38,8
DA:42,16
DA:43,15
DA:44,7
DA:46,4
DA:52,7
DA:55,4
LF:28
LH:28
BRDA:2,0,0,1
BRDA:2,0,1,15
BRDA:3,1,0,8
BRDA:3,1,1,7
BRDA:7,2,0,12
BRDA:7,2,1,28
BRDA:15,3,0,1
BRDA:15,3,1,15
BRDA:16,4,0,8
BRDA:16,4,1,7
BRDA:20,5,0,9
BRDA:20,5,1,31
BRDA:28,6,0,1
BRDA:28,6,1,16
BRDA:29,7,0,8
BRDA:29,7,1,8
BRDA:36,8,0,8
BRDA:36,8,1,5
BRDA:38,9,0,3
BRDA:38,9,1,5
BRDA:42,10,0,1
BRDA:42,10,1,15
BRDA:43,11,0,8
BRDA:43,11,1,7
BRF:24
BRH:24
end_of_record
